{"/home/travis/build/npmtest/node-npmtest-z-schema/test.js":{"path":"/home/travis/build/npmtest/node-npmtest-z-schema/test.js","s":{"1":2,"2":2,"3":2,"4":2,"5":2,"6":2,"7":2,"8":1,"9":2,"10":2,"11":1,"12":1,"13":1,"14":1,"15":2,"16":2,"17":2,"18":2,"19":1,"20":1,"21":2,"22":2,"23":2,"24":1,"25":1,"26":1,"27":1,"28":1,"29":1,"30":1,"31":1,"32":1,"33":1,"34":1,"35":1,"36":1,"37":1,"38":1,"39":2,"40":2,"41":1,"42":2,"43":2,"44":1,"45":2,"46":2,"47":1,"48":2,"49":2,"50":1,"51":1,"52":1,"53":1,"54":1},"b":{"1":[2,1,1,1],"2":[1,1,1,1],"3":[1,1],"4":[1,1],"5":[1,1],"6":[1,1],"7":[1,1],"8":[1,1],"9":[1,1],"10":[1,1,1],"11":[1,1],"12":[1,1],"13":[1,1],"14":[1,1],"15":[1,1],"16":[1,1],"17":[1,1]},"f":{"1":2,"2":2,"3":2,"4":2,"5":2,"6":1,"7":1,"8":1,"9":2,"10":2,"11":2,"12":2,"13":1},"fnMap":{"1":{"name":"(anonymous_1)","line":12,"loc":{"start":{"line":12,"column":1},"end":{"line":12,"column":13}}},"2":{"name":"(anonymous_2)","line":19,"loc":{"start":{"line":19,"column":5},"end":{"line":19,"column":17}}},"3":{"name":"(anonymous_3)","line":23,"loc":{"start":{"line":23,"column":24},"end":{"line":23,"column":36}}},"4":{"name":"(anonymous_4)","line":61,"loc":{"start":{"line":61,"column":5},"end":{"line":61,"column":17}}},"5":{"name":"(anonymous_5)","line":82,"loc":{"start":{"line":82,"column":5},"end":{"line":82,"column":17}}},"6":{"name":"(anonymous_6)","line":91,"loc":{"start":{"line":91,"column":77},"end":{"line":94,"column":10}}},"7":{"name":"(anonymous_7)","line":112,"loc":{"start":{"line":112,"column":83},"end":{"line":115,"column":10}},"skip":true},"8":{"name":"(anonymous_8)","line":123,"loc":{"start":{"line":123,"column":77},"end":{"line":126,"column":10}},"skip":true},"9":{"name":"(anonymous_9)","line":139,"loc":{"start":{"line":139,"column":12},"end":{"line":139,"column":40}},"skip":true},"10":{"name":"(anonymous_10)","line":147,"loc":{"start":{"line":147,"column":77},"end":{"line":150,"column":10}},"skip":true},"11":{"name":"(anonymous_11)","line":158,"loc":{"start":{"line":158,"column":83},"end":{"line":161,"column":10}},"skip":true},"12":{"name":"(anonymous_12)","line":169,"loc":{"start":{"line":169,"column":79},"end":{"line":172,"column":10}},"skip":true},"13":{"name":"(anonymous_13)","line":180,"loc":{"start":{"line":180,"column":75},"end":{"line":183,"column":10}},"skip":true}},"statementMap":{"1":{"start":{"line":12,"column":0},"end":{"line":195,"column":5}},"2":{"start":{"line":14,"column":4},"end":{"line":14,"column":14}},"3":{"start":{"line":19,"column":4},"end":{"line":56,"column":9}},"4":{"start":{"line":21,"column":8},"end":{"line":21,"column":19}},"5":{"start":{"line":23,"column":8},"end":{"line":35,"column":13}},"6":{"start":{"line":24,"column":12},"end":{"line":34,"column":13}},"7":{"start":{"line":25,"column":16},"end":{"line":28,"column":30}},"8":{"start":{"line":30,"column":16},"end":{"line":33,"column":27}},"9":{"start":{"line":37,"column":8},"end":{"line":39,"column":21}},"10":{"start":{"line":40,"column":8},"end":{"line":53,"column":9}},"11":{"start":{"line":43,"column":12},"end":{"line":46,"column":14}},"12":{"start":{"line":47,"column":12},"end":{"line":47,"column":18}},"13":{"start":{"line":50,"column":12},"end":{"line":51,"column":33}},"14":{"start":{"line":52,"column":12},"end":{"line":52,"column":18}},"15":{"start":{"line":55,"column":8},"end":{"line":55,"column":35}},"16":{"start":{"line":61,"column":4},"end":{"line":63,"column":9}},"17":{"start":{"line":62,"column":8},"end":{"line":62,"column":15}},"18":{"start":{"line":64,"column":4},"end":{"line":77,"column":5}},"19":{"start":{"line":70,"column":8},"end":{"line":70,"column":14}},"20":{"start":{"line":76,"column":8},"end":{"line":76,"column":14}},"21":{"start":{"line":82,"column":4},"end":{"line":84,"column":9}},"22":{"start":{"line":83,"column":8},"end":{"line":83,"column":15}},"23":{"start":{"line":85,"column":4},"end":{"line":194,"column":5}},"24":{"start":{"line":91,"column":8},"end":{"line":99,"column":10}},"25":{"start":{"line":98,"column":12},"end":{"line":98,"column":35}},"26":{"start":{"line":102,"column":8},"end":{"line":104,"column":63}},"27":{"start":{"line":105,"column":8},"end":{"line":105,"column":14}},"28":{"start":{"line":112,"column":8},"end":{"line":121,"column":10},"skip":true},"29":{"start":{"line":119,"column":12},"end":{"line":119,"column":55},"skip":true},"30":{"start":{"line":120,"column":12},"end":{"line":120,"column":48},"skip":true},"31":{"start":{"line":123,"column":8},"end":{"line":136,"column":10},"skip":true},"32":{"start":{"line":130,"column":12},"end":{"line":130,"column":76},"skip":true},"33":{"start":{"line":131,"column":12},"end":{"line":131,"column":73},"skip":true},"34":{"start":{"line":132,"column":12},"end":{"line":132,"column":74},"skip":true},"35":{"start":{"line":133,"column":12},"end":{"line":133,"column":79},"skip":true},"36":{"start":{"line":134,"column":12},"end":{"line":134,"column":25},"skip":true},"37":{"start":{"line":135,"column":12},"end":{"line":135,"column":45},"skip":true},"38":{"start":{"line":138,"column":8},"end":{"line":145,"column":14},"skip":true},"39":{"start":{"line":143,"column":16},"end":{"line":143,"column":29},"skip":true},"40":{"start":{"line":144,"column":16},"end":{"line":144,"column":55},"skip":true},"41":{"start":{"line":147,"column":8},"end":{"line":156,"column":10},"skip":true},"42":{"start":{"line":154,"column":12},"end":{"line":154,"column":25},"skip":true},"43":{"start":{"line":155,"column":12},"end":{"line":155,"column":45},"skip":true},"44":{"start":{"line":158,"column":8},"end":{"line":167,"column":10},"skip":true},"45":{"start":{"line":165,"column":12},"end":{"line":165,"column":25},"skip":true},"46":{"start":{"line":166,"column":12},"end":{"line":166,"column":48},"skip":true},"47":{"start":{"line":169,"column":8},"end":{"line":178,"column":10},"skip":true},"48":{"start":{"line":176,"column":12},"end":{"line":176,"column":25},"skip":true},"49":{"start":{"line":177,"column":12},"end":{"line":177,"column":46},"skip":true},"50":{"start":{"line":180,"column":8},"end":{"line":189,"column":10},"skip":true},"51":{"start":{"line":187,"column":12},"end":{"line":187,"column":94},"skip":true},"52":{"start":{"line":188,"column":12},"end":{"line":188,"column":48},"skip":true},"53":{"start":{"line":192,"column":8},"end":{"line":192,"column":35},"skip":true},"54":{"start":{"line":193,"column":8},"end":{"line":193,"column":14},"skip":true}},"branchMap":{"1":{"line":25,"type":"binary-expr","locations":[{"start":{"line":25,"column":23},"end":{"line":25,"column":62}},{"start":{"line":26,"column":20},"end":{"line":26,"column":70}},{"start":{"line":27,"column":20},"end":{"line":27,"column":71}},{"start":{"line":28,"column":20},"end":{"line":28,"column":29}}]},"2":{"line":30,"type":"binary-expr","locations":[{"start":{"line":30,"column":23},"end":{"line":30,"column":37}},{"start":{"line":31,"column":20},"end":{"line":31,"column":61}},{"start":{"line":32,"column":20},"end":{"line":32,"column":70}},{"start":{"line":33,"column":20},"end":{"line":33,"column":26}}]},"3":{"line":37,"type":"cond-expr","locations":[{"start":{"line":38,"column":14},"end":{"line":38,"column":20}},{"start":{"line":39,"column":14},"end":{"line":39,"column":20}}]},"4":{"line":40,"type":"switch","locations":[{"start":{"line":42,"column":8},"end":{"line":47,"column":18}},{"start":{"line":49,"column":8},"end":{"line":52,"column":18}}]},"5":{"line":44,"type":"binary-expr","locations":[{"start":{"line":44,"column":16},"end":{"line":44,"column":44}},{"start":{"line":44,"column":48},"end":{"line":44,"column":66}}]},"6":{"line":50,"type":"binary-expr","locations":[{"start":{"line":50,"column":21},"end":{"line":50,"column":49}},{"start":{"line":50,"column":53},"end":{"line":50,"column":72}}]},"7":{"line":64,"type":"switch","locations":[{"start":{"line":69,"column":4},"end":{"line":70,"column":14}},{"start":{"line":75,"column":4},"end":{"line":76,"column":14}}]},"8":{"line":85,"type":"switch","locations":[{"start":{"line":90,"column":4},"end":{"line":105,"column":14}},{"start":{"line":111,"column":4},"end":{"line":193,"column":14},"skip":true}]},"9":{"line":91,"type":"binary-expr","locations":[{"start":{"line":91,"column":42},"end":{"line":91,"column":73}},{"start":{"line":91,"column":77},"end":{"line":99,"column":9}}]},"10":{"line":102,"type":"binary-expr","locations":[{"start":{"line":102,"column":18},"end":{"line":102,"column":32}},{"start":{"line":103,"column":12},"end":{"line":103,"column":53}},{"start":{"line":104,"column":12},"end":{"line":104,"column":61}}]},"11":{"line":112,"type":"binary-expr","locations":[{"start":{"line":112,"column":45},"end":{"line":112,"column":79},"skip":true},{"start":{"line":112,"column":83},"end":{"line":121,"column":9},"skip":true}]},"12":{"line":123,"type":"binary-expr","locations":[{"start":{"line":123,"column":42},"end":{"line":123,"column":73},"skip":true},{"start":{"line":123,"column":77},"end":{"line":136,"column":9},"skip":true}]},"13":{"line":138,"type":"binary-expr","locations":[{"start":{"line":138,"column":48},"end":{"line":138,"column":85},"skip":true},{"start":{"line":139,"column":12},"end":{"line":145,"column":13},"skip":true}]},"14":{"line":147,"type":"binary-expr","locations":[{"start":{"line":147,"column":42},"end":{"line":147,"column":73},"skip":true},{"start":{"line":147,"column":77},"end":{"line":156,"column":9},"skip":true}]},"15":{"line":158,"type":"binary-expr","locations":[{"start":{"line":158,"column":45},"end":{"line":158,"column":79},"skip":true},{"start":{"line":158,"column":83},"end":{"line":167,"column":9},"skip":true}]},"16":{"line":169,"type":"binary-expr","locations":[{"start":{"line":169,"column":43},"end":{"line":169,"column":75},"skip":true},{"start":{"line":169,"column":79},"end":{"line":178,"column":9},"skip":true}]},"17":{"line":180,"type":"binary-expr","locations":[{"start":{"line":180,"column":41},"end":{"line":180,"column":71},"skip":true},{"start":{"line":180,"column":75},"end":{"line":189,"column":9},"skip":true}]}},"code":["/* istanbul instrument in package npmtest_z_schema */","/*jslint","    bitwise: true,","    browser: true,","    maxerr: 8,","    maxlen: 96,","    node: true,","    nomen: true,","    regexp: true,","    stupid: true","*/","(function () {","    'use strict';","    var local;","","","","    // run shared js-env code - pre-init","    (function () {","        // init local","        local = {};","        // init modeJs","        local.modeJs = (function () {","            try {","                return typeof navigator.userAgent === 'string' &&","                    typeof document.querySelector('body') === 'object' &&","                    typeof XMLHttpRequest.prototype.open === 'function' &&","                    'browser';","            } catch (errorCaughtBrowser) {","                return module.exports &&","                    typeof process.versions.node === 'string' &&","                    typeof require('http').createServer === 'function' &&","                    'node';","            }","        }());","        // init global","        local.global = local.modeJs === 'browser'","            ? window","            : global;","        switch (local.modeJs) {","        // re-init local from window.local","        case 'browser':","            local = local.global.utility2.objectSetDefault(","                local.global.utility2_rollup || local.global.local,","                local.global.utility2","            );","            break;","        // re-init local from example.js","        case 'node':","            local = (local.global.utility2_rollup || require('utility2'))","                .requireReadme();","            break;","        }","        // export local","        local.global.local = local;","    }());","","","","    // run shared js-env code - function","    (function () {","        return;","    }());","    switch (local.modeJs) {","","","","    // run browser js-env code - function","    case 'browser':","        break;","","","","    // run node js-env code - function","    case 'node':","        break;","    }","","","","    // run shared js-env code - post-init","    (function () {","        return;","    }());","    switch (local.modeJs) {","","","","    // run browser js-env code - post-init","    case 'browser':","        local.testCase_browser_nullCase = local.testCase_browser_nullCase || function (","            options,","            onError","        ) {","        /*","         * this function will test browsers's null-case handling-behavior-behavior","         */","            onError(null, options);","        };","","        // run tests","        local.nop(local.modeTest &&","            document.querySelector('#testRunButton1') &&","            document.querySelector('#testRunButton1').click());","        break;","","","","    // run node js-env code - post-init","    /* istanbul ignore next */","    case 'node':","        local.testCase_buildApidoc_default = local.testCase_buildApidoc_default || function (","            options,","            onError","        ) {","        /*","         * this function will test buildApidoc's default handling-behavior-behavior","         */","            options = { modulePathList: module.paths };","            local.buildApidoc(options, onError);","        };","","        local.testCase_buildApp_default = local.testCase_buildApp_default || function (","            options,","            onError","        ) {","        /*","         * this function will test buildApp's default handling-behavior-behavior","         */","            local.testCase_buildReadme_default(options, local.onErrorThrow);","            local.testCase_buildLib_default(options, local.onErrorThrow);","            local.testCase_buildTest_default(options, local.onErrorThrow);","            local.testCase_buildCustomOrg_default(options, local.onErrorThrow);","            options = [];","            local.buildApp(options, onError);","        };","","        local.testCase_buildCustomOrg_default = local.testCase_buildCustomOrg_default ||","            function (options, onError) {","            /*","             * this function will test buildCustomOrg's default handling-behavior","             */","                options = {};","                local.buildCustomOrg(options, onError);","            };","","        local.testCase_buildLib_default = local.testCase_buildLib_default || function (","            options,","            onError","        ) {","        /*","         * this function will test buildLib's default handling-behavior","         */","            options = {};","            local.buildLib(options, onError);","        };","","        local.testCase_buildReadme_default = local.testCase_buildReadme_default || function (","            options,","            onError","        ) {","        /*","         * this function will test buildReadme's default handling-behavior-behavior","         */","            options = {};","            local.buildReadme(options, onError);","        };","","        local.testCase_buildTest_default = local.testCase_buildTest_default || function (","            options,","            onError","        ) {","        /*","         * this function will test buildTest's default handling-behavior","         */","            options = {};","            local.buildTest(options, onError);","        };","","        local.testCase_webpage_default = local.testCase_webpage_default || function (","            options,","            onError","        ) {","        /*","         * this function will test webpage's default handling-behavior","         */","            options = { modeCoverageMerge: true, url: local.serverLocalHost + '?modeTest=1' };","            local.browserTest(options, onError);","        };","","        // run test-server","        local.testRunServer(local);","        break;","    }","}());",""],"l":{"12":2,"14":2,"19":2,"21":2,"23":2,"24":2,"25":2,"30":1,"37":2,"40":2,"43":1,"47":1,"50":1,"52":1,"55":2,"61":2,"62":2,"64":2,"70":1,"76":1,"82":2,"83":2,"85":2,"91":1,"98":1,"102":1,"105":1,"112":1,"119":1,"120":1,"123":1,"130":1,"131":1,"132":1,"133":1,"134":1,"135":1,"138":1,"143":2,"144":2,"147":1,"154":2,"155":2,"158":1,"165":2,"166":2,"169":1,"176":2,"177":2,"180":1,"187":1,"188":1,"192":1,"193":1}},"/home/travis/build/npmtest/node-npmtest-z-schema/lib.npmtest_z_schema.js":{"path":"/home/travis/build/npmtest/node-npmtest-z-schema/lib.npmtest_z_schema.js","s":{"1":2,"2":2,"3":2,"4":2,"5":2,"6":2,"7":2,"8":1,"9":2,"10":2,"11":2,"12":2,"13":1,"14":1,"15":1,"16":1},"b":{"1":[2,1,1,1],"2":[1,1,1,1],"3":[1,1],"4":[2,2],"5":[1,1]},"f":{"1":2,"2":2,"3":2},"fnMap":{"1":{"name":"(anonymous_1)","line":12,"loc":{"start":{"line":12,"column":1},"end":{"line":12,"column":13}}},"2":{"name":"(anonymous_2)","line":19,"loc":{"start":{"line":19,"column":5},"end":{"line":19,"column":17}}},"3":{"name":"(anonymous_3)","line":23,"loc":{"start":{"line":23,"column":24},"end":{"line":23,"column":36}}}},"statementMap":{"1":{"start":{"line":12,"column":0},"end":{"line":53,"column":5}},"2":{"start":{"line":14,"column":4},"end":{"line":14,"column":14}},"3":{"start":{"line":19,"column":4},"end":{"line":52,"column":9}},"4":{"start":{"line":21,"column":8},"end":{"line":21,"column":19}},"5":{"start":{"line":23,"column":8},"end":{"line":35,"column":13}},"6":{"start":{"line":24,"column":12},"end":{"line":34,"column":13}},"7":{"start":{"line":25,"column":16},"end":{"line":28,"column":30}},"8":{"start":{"line":30,"column":16},"end":{"line":33,"column":27}},"9":{"start":{"line":37,"column":8},"end":{"line":39,"column":21}},"10":{"start":{"line":41,"column":8},"end":{"line":41,"column":54}},"11":{"start":{"line":43,"column":8},"end":{"line":43,"column":53}},"12":{"start":{"line":45,"column":8},"end":{"line":51,"column":9}},"13":{"start":{"line":46,"column":12},"end":{"line":46,"column":59}},"14":{"start":{"line":48,"column":12},"end":{"line":48,"column":35}},"15":{"start":{"line":49,"column":12},"end":{"line":49,"column":49}},"16":{"start":{"line":50,"column":12},"end":{"line":50,"column":43}}},"branchMap":{"1":{"line":25,"type":"binary-expr","locations":[{"start":{"line":25,"column":23},"end":{"line":25,"column":62}},{"start":{"line":26,"column":20},"end":{"line":26,"column":70}},{"start":{"line":27,"column":20},"end":{"line":27,"column":71}},{"start":{"line":28,"column":20},"end":{"line":28,"column":29}}]},"2":{"line":30,"type":"binary-expr","locations":[{"start":{"line":30,"column":23},"end":{"line":30,"column":37}},{"start":{"line":31,"column":20},"end":{"line":31,"column":61}},{"start":{"line":32,"column":20},"end":{"line":32,"column":70}},{"start":{"line":33,"column":20},"end":{"line":33,"column":26}}]},"3":{"line":37,"type":"cond-expr","locations":[{"start":{"line":38,"column":14},"end":{"line":38,"column":20}},{"start":{"line":39,"column":14},"end":{"line":39,"column":20}}]},"4":{"line":41,"type":"binary-expr","locations":[{"start":{"line":41,"column":16},"end":{"line":41,"column":44}},{"start":{"line":41,"column":48},"end":{"line":41,"column":53}}]},"5":{"line":45,"type":"if","locations":[{"start":{"line":45,"column":8},"end":{"line":45,"column":8}},{"start":{"line":45,"column":8},"end":{"line":45,"column":8}}]}},"code":["/* istanbul instrument in package npmtest_z_schema */","/*jslint","    bitwise: true,","    browser: true,","    maxerr: 8,","    maxlen: 96,","    node: true,","    nomen: true,","    regexp: true,","    stupid: true","*/","(function () {","    'use strict';","    var local;","","","","    // run shared js-env code - pre-init","    (function () {","        // init local","        local = {};","        // init modeJs","        local.modeJs = (function () {","            try {","                return typeof navigator.userAgent === 'string' &&","                    typeof document.querySelector('body') === 'object' &&","                    typeof XMLHttpRequest.prototype.open === 'function' &&","                    'browser';","            } catch (errorCaughtBrowser) {","                return module.exports &&","                    typeof process.versions.node === 'string' &&","                    typeof require('http').createServer === 'function' &&","                    'node';","            }","        }());","        // init global","        local.global = local.modeJs === 'browser'","            ? window","            : global;","        // init utility2_rollup","        local = local.global.utility2_rollup || local;","        // init lib","        local.local = local.npmtest_z_schema = local;","        // init exports","        if (local.modeJs === 'browser') {","            local.global.utility2_npmtest_z_schema = local;","        } else {","            module.exports = local;","            module.exports.__dirname = __dirname;","            module.exports.module = module;","        }","    }());","}());",""],"l":{"12":2,"14":2,"19":2,"21":2,"23":2,"24":2,"25":2,"30":1,"37":2,"41":2,"43":2,"45":2,"46":1,"48":1,"49":1,"50":1}},"/home/travis/build/npmtest/node-npmtest-z-schema/example.js":{"path":"/home/travis/build/npmtest/node-npmtest-z-schema/example.js","s":{"1":2,"2":2,"3":2,"4":2,"5":2,"6":2,"7":2,"8":1,"9":2,"10":2,"11":2,"12":2,"13":1,"14":2,"15":2,"16":2,"17":2,"18":2,"19":0,"20":2,"21":1,"22":1,"23":1,"24":1,"25":1,"26":0,"27":0,"28":1,"29":1,"30":2,"31":0,"32":0,"33":0,"34":1,"35":2,"36":2,"37":3,"38":3,"39":3,"40":3,"41":0,"42":3,"43":3,"44":3,"45":1,"46":3,"47":1,"48":1,"49":1,"50":1,"51":1,"52":1,"53":1,"54":1,"55":1,"56":1,"57":0,"58":1,"59":6,"60":6,"61":1,"62":2,"63":0,"64":2,"65":1,"66":1,"67":0,"68":0,"69":0,"70":0,"71":0,"72":0,"73":0,"74":0,"75":0,"76":0,"77":0,"78":0,"79":0,"80":0,"81":0,"82":0,"83":0},"b":{"1":[2,1,1,1],"2":[1,1,1,1],"3":[1,1],"4":[2,2],"5":[1,1],"6":[1,1],"7":[2,0],"8":[2,1,1,1,1,1],"9":[0,2,0],"10":[1,1],"11":[2,1,1],"12":[1,0],"13":[0,2],"14":[2,0,0,0,0,0,0],"15":[0,3],"16":[3,0],"17":[1,1],"18":[0,1],"19":[1,2,0,2],"20":[1,0],"21":[1,1],"22":[0,0],"23":[0,0],"24":[0,0],"25":[0,0],"26":[0,0],"27":[0,0],"28":[0,0]},"f":{"1":2,"2":2,"3":2,"4":2,"5":2,"6":2,"7":3,"8":3,"9":3,"10":1,"11":6,"12":0},"fnMap":{"1":{"name":"(anonymous_1)","line":26,"loc":{"start":{"line":26,"column":1},"end":{"line":26,"column":13}}},"2":{"name":"(anonymous_2)","line":33,"loc":{"start":{"line":33,"column":5},"end":{"line":33,"column":17}}},"3":{"name":"(anonymous_3)","line":37,"loc":{"start":{"line":37,"column":24},"end":{"line":37,"column":36}}},"4":{"name":"(anonymous_4)","line":69,"loc":{"start":{"line":69,"column":31},"end":{"line":69,"column":48}},"skip":true},"5":{"name":"(anonymous_5)","line":78,"loc":{"start":{"line":78,"column":26},"end":{"line":78,"column":45}},"skip":true},"6":{"name":"(anonymous_6)","line":123,"loc":{"start":{"line":123,"column":33},"end":{"line":123,"column":48}},"skip":true},"7":{"name":"(anonymous_7)","line":125,"loc":{"start":{"line":125,"column":27},"end":{"line":125,"column":39}},"skip":true},"8":{"name":"(anonymous_8)","line":133,"loc":{"start":{"line":133,"column":59},"end":{"line":133,"column":74}},"skip":true},"9":{"name":"(anonymous_9)","line":143,"loc":{"start":{"line":143,"column":45},"end":{"line":143,"column":62}},"skip":true},"10":{"name":"(anonymous_10)","line":144,"loc":{"start":{"line":144,"column":73},"end":{"line":144,"column":92}},"skip":true},"11":{"name":"(anonymous_11)","line":272,"loc":{"start":{"line":272,"column":51},"end":{"line":272,"column":77}},"skip":true},"12":{"name":"(anonymous_12)","line":315,"loc":{"start":{"line":315,"column":32},"end":{"line":315,"column":61}},"skip":true}},"statementMap":{"1":{"start":{"line":26,"column":0},"end":{"line":326,"column":5}},"2":{"start":{"line":28,"column":4},"end":{"line":28,"column":14}},"3":{"start":{"line":33,"column":4},"end":{"line":60,"column":9}},"4":{"start":{"line":35,"column":8},"end":{"line":35,"column":19}},"5":{"start":{"line":37,"column":8},"end":{"line":49,"column":13}},"6":{"start":{"line":38,"column":12},"end":{"line":48,"column":13}},"7":{"start":{"line":39,"column":16},"end":{"line":42,"column":30}},"8":{"start":{"line":44,"column":16},"end":{"line":47,"column":27}},"9":{"start":{"line":51,"column":8},"end":{"line":53,"column":21}},"10":{"start":{"line":55,"column":8},"end":{"line":57,"column":45}},"11":{"start":{"line":59,"column":8},"end":{"line":59,"column":35}},"12":{"start":{"line":61,"column":4},"end":{"line":325,"column":5}},"13":{"start":{"line":69,"column":8},"end":{"line":121,"column":10},"skip":true},"14":{"start":{"line":70,"column":12},"end":{"line":88,"column":13},"skip":true},"15":{"start":{"line":76,"column":16},"end":{"line":87,"column":19},"skip":true},"16":{"start":{"line":79,"column":20},"end":{"line":86,"column":21},"skip":true},"17":{"start":{"line":82,"column":24},"end":{"line":82,"column":43},"skip":true},"18":{"start":{"line":83,"column":24},"end":{"line":83,"column":30},"skip":true},"19":{"start":{"line":85,"column":24},"end":{"line":85,"column":49},"skip":true},"20":{"start":{"line":89,"column":12},"end":{"line":107,"column":13},"skip":true},"21":{"start":{"line":92,"column":16},"end":{"line":102,"column":17},"skip":true},"22":{"start":{"line":93,"column":20},"end":{"line":93,"column":86},"skip":true},"23":{"start":{"line":94,"column":20},"end":{"line":95,"column":45},"skip":true},"24":{"start":{"line":96,"column":20},"end":{"line":96,"column":42},"skip":true},"25":{"start":{"line":97,"column":20},"end":{"line":97,"column":48},"skip":true},"26":{"start":{"line":100,"column":20},"end":{"line":100,"column":85},"skip":true},"27":{"start":{"line":101,"column":20},"end":{"line":101,"column":96},"skip":true},"28":{"start":{"line":103,"column":16},"end":{"line":103,"column":22},"skip":true},"29":{"start":{"line":106,"column":16},"end":{"line":106,"column":22},"skip":true},"30":{"start":{"line":108,"column":12},"end":{"line":120,"column":13},"skip":true},"31":{"start":{"line":114,"column":16},"end":{"line":119,"column":17},"skip":true},"32":{"start":{"line":116,"column":20},"end":{"line":116,"column":78},"skip":true},"33":{"start":{"line":118,"column":20},"end":{"line":118,"column":47},"skip":true},"34":{"start":{"line":123,"column":8},"end":{"line":141,"column":11},"skip":true},"35":{"start":{"line":124,"column":12},"end":{"line":124,"column":54},"skip":true},"36":{"start":{"line":125,"column":12},"end":{"line":140,"column":14},"skip":true},"37":{"start":{"line":126,"column":16},"end":{"line":126,"column":28},"skip":true},"38":{"start":{"line":127,"column":16},"end":{"line":127,"column":69},"skip":true},"39":{"start":{"line":128,"column":16},"end":{"line":128,"column":75},"skip":true},"40":{"start":{"line":129,"column":16},"end":{"line":131,"column":17},"skip":true},"41":{"start":{"line":130,"column":20},"end":{"line":130,"column":27},"skip":true},"42":{"start":{"line":133,"column":16},"end":{"line":137,"column":36},"skip":true},"43":{"start":{"line":134,"column":20},"end":{"line":136,"column":55},"skip":true},"44":{"start":{"line":139,"column":16},"end":{"line":139,"column":57},"skip":true},"45":{"start":{"line":143,"column":8},"end":{"line":147,"column":11},"skip":true},"46":{"start":{"line":144,"column":12},"end":{"line":146,"column":15},"skip":true},"47":{"start":{"line":145,"column":16},"end":{"line":145,"column":70},"skip":true},"48":{"start":{"line":149,"column":8},"end":{"line":149,"column":31},"skip":true},"49":{"start":{"line":150,"column":8},"end":{"line":150,"column":14},"skip":true},"50":{"start":{"line":158,"column":8},"end":{"line":158,"column":31},"skip":true},"51":{"start":{"line":160,"column":8},"end":{"line":160,"column":33},"skip":true},"52":{"start":{"line":161,"column":8},"end":{"line":161,"column":37},"skip":true},"53":{"start":{"line":162,"column":8},"end":{"line":162,"column":35},"skip":true},"54":{"start":{"line":164,"column":8},"end":{"line":164,"column":50},"skip":true},"55":{"start":{"line":166,"column":8},"end":{"line":256,"column":2},"skip":true},"56":{"start":{"line":258,"column":8},"end":{"line":286,"column":9},"skip":true},"57":{"start":{"line":259,"column":12},"end":{"line":269,"column":14},"skip":true},"58":{"start":{"line":271,"column":12},"end":{"line":285,"column":19},"skip":true},"59":{"start":{"line":274,"column":20},"end":{"line":274,"column":35},"skip":true},"60":{"start":{"line":275,"column":20},"end":{"line":284,"column":21},"skip":true},"61":{"start":{"line":277,"column":24},"end":{"line":277,"column":64},"skip":true},"62":{"start":{"line":279,"column":24},"end":{"line":279,"column":40},"skip":true},"63":{"start":{"line":281,"column":24},"end":{"line":281,"column":40},"skip":true},"64":{"start":{"line":283,"column":24},"end":{"line":283,"column":39},"skip":true},"65":{"start":{"line":288,"column":8},"end":{"line":290,"column":9},"skip":true},"66":{"start":{"line":289,"column":12},"end":{"line":289,"column":18},"skip":true},"67":{"start":{"line":291,"column":8},"end":{"line":293,"column":54},"skip":true},"68":{"start":{"line":296,"column":8},"end":{"line":301,"column":37},"skip":true},"69":{"start":{"line":303,"column":8},"end":{"line":303,"column":82},"skip":true},"70":{"start":{"line":306,"column":8},"end":{"line":308,"column":9},"skip":true},"71":{"start":{"line":307,"column":12},"end":{"line":307,"column":82},"skip":true},"72":{"start":{"line":310,"column":8},"end":{"line":312,"column":9},"skip":true},"73":{"start":{"line":311,"column":12},"end":{"line":311,"column":18},"skip":true},"74":{"start":{"line":313,"column":8},"end":{"line":313,"column":54},"skip":true},"75":{"start":{"line":314,"column":8},"end":{"line":314,"column":69},"skip":true},"76":{"start":{"line":315,"column":8},"end":{"line":323,"column":36},"skip":true},"77":{"start":{"line":316,"column":12},"end":{"line":316,"column":61},"skip":true},"78":{"start":{"line":317,"column":12},"end":{"line":320,"column":13},"skip":true},"79":{"start":{"line":318,"column":16},"end":{"line":318,"column":75},"skip":true},"80":{"start":{"line":319,"column":16},"end":{"line":319,"column":23},"skip":true},"81":{"start":{"line":321,"column":12},"end":{"line":321,"column":38},"skip":true},"82":{"start":{"line":322,"column":12},"end":{"line":322,"column":27},"skip":true},"83":{"start":{"line":324,"column":8},"end":{"line":324,"column":14},"skip":true}},"branchMap":{"1":{"line":39,"type":"binary-expr","locations":[{"start":{"line":39,"column":23},"end":{"line":39,"column":62}},{"start":{"line":40,"column":20},"end":{"line":40,"column":70}},{"start":{"line":41,"column":20},"end":{"line":41,"column":71}},{"start":{"line":42,"column":20},"end":{"line":42,"column":29}}]},"2":{"line":44,"type":"binary-expr","locations":[{"start":{"line":44,"column":23},"end":{"line":44,"column":37}},{"start":{"line":45,"column":20},"end":{"line":45,"column":61}},{"start":{"line":46,"column":20},"end":{"line":46,"column":70}},{"start":{"line":47,"column":20},"end":{"line":47,"column":26}}]},"3":{"line":51,"type":"cond-expr","locations":[{"start":{"line":52,"column":14},"end":{"line":52,"column":20}},{"start":{"line":53,"column":14},"end":{"line":53,"column":20}}]},"4":{"line":55,"type":"binary-expr","locations":[{"start":{"line":55,"column":16},"end":{"line":55,"column":44}},{"start":{"line":55,"column":49},"end":{"line":57,"column":43}}]},"5":{"line":55,"type":"cond-expr","locations":[{"start":{"line":56,"column":14},"end":{"line":56,"column":52}},{"start":{"line":57,"column":14},"end":{"line":57,"column":43}}]},"6":{"line":61,"type":"switch","locations":[{"start":{"line":68,"column":4},"end":{"line":150,"column":14},"skip":true},{"start":{"line":156,"column":4},"end":{"line":324,"column":14},"skip":true}]},"7":{"line":70,"type":"if","locations":[{"start":{"line":70,"column":12},"end":{"line":70,"column":12},"skip":true},{"start":{"line":70,"column":12},"end":{"line":70,"column":12},"skip":true}]},"8":{"line":70,"type":"binary-expr","locations":[{"start":{"line":70,"column":16},"end":{"line":70,"column":22},"skip":true},{"start":{"line":70,"column":27},"end":{"line":70,"column":32},"skip":true},{"start":{"line":71,"column":20},"end":{"line":71,"column":39},"skip":true},{"start":{"line":72,"column":20},"end":{"line":72,"column":49},"skip":true},{"start":{"line":73,"column":20},"end":{"line":73,"column":58},"skip":true},{"start":{"line":74,"column":20},"end":{"line":74,"column":69},"skip":true}]},"9":{"line":79,"type":"switch","locations":[{"start":{"line":80,"column":20},"end":{"line":80,"column":33},"skip":true},{"start":{"line":81,"column":20},"end":{"line":83,"column":30},"skip":true},{"start":{"line":84,"column":20},"end":{"line":85,"column":49},"skip":true}]},"10":{"line":89,"type":"switch","locations":[{"start":{"line":90,"column":12},"end":{"line":103,"column":22},"skip":true},{"start":{"line":105,"column":12},"end":{"line":106,"column":22},"skip":true}]},"11":{"line":89,"type":"binary-expr","locations":[{"start":{"line":89,"column":20},"end":{"line":89,"column":25},"skip":true},{"start":{"line":89,"column":29},"end":{"line":89,"column":48},"skip":true},{"start":{"line":89,"column":52},"end":{"line":89,"column":74},"skip":true}]},"12":{"line":92,"type":"if","locations":[{"start":{"line":92,"column":16},"end":{"line":92,"column":16},"skip":true},{"start":{"line":92,"column":16},"end":{"line":92,"column":16},"skip":true}]},"13":{"line":108,"type":"if","locations":[{"start":{"line":108,"column":12},"end":{"line":108,"column":12},"skip":true},{"start":{"line":108,"column":12},"end":{"line":108,"column":12},"skip":true}]},"14":{"line":108,"type":"binary-expr","locations":[{"start":{"line":108,"column":16},"end":{"line":108,"column":61},"skip":true},{"start":{"line":108,"column":66},"end":{"line":108,"column":72},"skip":true},{"start":{"line":108,"column":77},"end":{"line":108,"column":82},"skip":true},{"start":{"line":109,"column":20},"end":{"line":109,"column":39},"skip":true},{"start":{"line":110,"column":20},"end":{"line":110,"column":49},"skip":true},{"start":{"line":111,"column":20},"end":{"line":111,"column":58},"skip":true},{"start":{"line":112,"column":20},"end":{"line":112,"column":68},"skip":true}]},"15":{"line":129,"type":"if","locations":[{"start":{"line":129,"column":16},"end":{"line":129,"column":16},"skip":true},{"start":{"line":129,"column":16},"end":{"line":129,"column":16},"skip":true}]},"16":{"line":134,"type":"cond-expr","locations":[{"start":{"line":135,"column":26},"end":{"line":135,"column":29},"skip":true},{"start":{"line":136,"column":26},"end":{"line":136,"column":54},"skip":true}]},"17":{"line":164,"type":"binary-expr","locations":[{"start":{"line":164,"column":27},"end":{"line":164,"column":43},"skip":true},{"start":{"line":164,"column":47},"end":{"line":164,"column":49},"skip":true}]},"18":{"line":258,"type":"if","locations":[{"start":{"line":258,"column":8},"end":{"line":258,"column":8},"skip":true},{"start":{"line":258,"column":8},"end":{"line":258,"column":8},"skip":true}]},"19":{"line":275,"type":"switch","locations":[{"start":{"line":276,"column":20},"end":{"line":277,"column":64},"skip":true},{"start":{"line":278,"column":20},"end":{"line":279,"column":40},"skip":true},{"start":{"line":280,"column":20},"end":{"line":281,"column":40},"skip":true},{"start":{"line":282,"column":20},"end":{"line":283,"column":39},"skip":true}]},"20":{"line":288,"type":"if","locations":[{"start":{"line":288,"column":8},"end":{"line":288,"column":8},"skip":true},{"start":{"line":288,"column":8},"end":{"line":288,"column":8},"skip":true}]},"21":{"line":288,"type":"binary-expr","locations":[{"start":{"line":288,"column":12},"end":{"line":288,"column":40},"skip":true},{"start":{"line":288,"column":44},"end":{"line":288,"column":67},"skip":true}]},"22":{"line":292,"type":"binary-expr","locations":[{"start":{"line":292,"column":12},"end":{"line":292,"column":50},"skip":true},{"start":{"line":293,"column":12},"end":{"line":293,"column":53},"skip":true}]},"23":{"line":297,"type":"binary-expr","locations":[{"start":{"line":297,"column":12},"end":{"line":297,"column":66},"skip":true},{"start":{"line":298,"column":12},"end":{"line":301,"column":36},"skip":true}]},"24":{"line":303,"type":"binary-expr","locations":[{"start":{"line":303,"column":43},"end":{"line":303,"column":75},"skip":true},{"start":{"line":303,"column":79},"end":{"line":303,"column":81},"skip":true}]},"25":{"line":306,"type":"if","locations":[{"start":{"line":306,"column":8},"end":{"line":306,"column":8},"skip":true},{"start":{"line":306,"column":8},"end":{"line":306,"column":8},"skip":true}]},"26":{"line":310,"type":"if","locations":[{"start":{"line":310,"column":8},"end":{"line":310,"column":8},"skip":true},{"start":{"line":310,"column":8},"end":{"line":310,"column":8},"skip":true}]},"27":{"line":313,"type":"binary-expr","locations":[{"start":{"line":313,"column":27},"end":{"line":313,"column":43},"skip":true},{"start":{"line":313,"column":47},"end":{"line":313,"column":53},"skip":true}]},"28":{"line":317,"type":"if","locations":[{"start":{"line":317,"column":12},"end":{"line":317,"column":12},"skip":true},{"start":{"line":317,"column":12},"end":{"line":317,"column":12},"skip":true}]}},"code":["/*","example.js","","quickstart example","","instruction","    1. save this script as example.js","    2. run the shell command:","        $ npm install npmtest-z-schema && PORT=8081 node example.js","    3. play with the browser-demo on http://127.0.0.1:8081","*/","","","","/* istanbul instrument in package npmtest_z_schema */","/*jslint","    bitwise: true,","    browser: true,","    maxerr: 8,","    maxlen: 96,","    node: true,","    nomen: true,","    regexp: true,","    stupid: true","*/","(function () {","    'use strict';","    var local;","","","","    // run shared js-env code - pre-init","    (function () {","        // init local","        local = {};","        // init modeJs","        local.modeJs = (function () {","            try {","                return typeof navigator.userAgent === 'string' &&","                    typeof document.querySelector('body') === 'object' &&","                    typeof XMLHttpRequest.prototype.open === 'function' &&","                    'browser';","            } catch (errorCaughtBrowser) {","                return module.exports &&","                    typeof process.versions.node === 'string' &&","                    typeof require('http').createServer === 'function' &&","                    'node';","            }","        }());","        // init global","        local.global = local.modeJs === 'browser'","            ? window","            : global;","        // init utility2_rollup","        local = local.global.utility2_rollup || (local.modeJs === 'browser'","            ? local.global.utility2_npmtest_z_schema","            : global.utility2_moduleExports);","        // export local","        local.global.local = local;","    }());","    switch (local.modeJs) {","","","","    // post-init","    // run browser js-env code - post-init","    /* istanbul ignore next */","    case 'browser':","        local.testRunBrowser = function (event) {","            if (!event || (event &&","                    event.currentTarget &&","                    event.currentTarget.className &&","                    event.currentTarget.className.includes &&","                    event.currentTarget.className.includes('onreset'))) {","                // reset output","                Array.from(","                    document.querySelectorAll('body > .resettable')","                ).forEach(function (element) {","                    switch (element.tagName) {","                    case 'INPUT':","                    case 'TEXTAREA':","                        element.value = '';","                        break;","                    default:","                        element.textContent = '';","                    }","                });","            }","            switch (event && event.currentTarget && event.currentTarget.id) {","            case 'testRunButton1':","                // show tests","                if (document.querySelector('#testReportDiv1').style.display === 'none') {","                    document.querySelector('#testReportDiv1').style.display = 'block';","                    document.querySelector('#testRunButton1').textContent =","                        'hide internal test';","                    local.modeTest = true;","                    local.testRunDefault(local);","                // hide tests","                } else {","                    document.querySelector('#testReportDiv1').style.display = 'none';","                    document.querySelector('#testRunButton1').textContent = 'run internal test';","                }","                break;","            // custom-case","            default:","                break;","            }","            if (document.querySelector('#inputTextareaEval1') && (!event || (event &&","                    event.currentTarget &&","                    event.currentTarget.className &&","                    event.currentTarget.className.includes &&","                    event.currentTarget.className.includes('oneval')))) {","                // try to eval input-code","                try {","                    /*jslint evil: true*/","                    eval(document.querySelector('#inputTextareaEval1').value);","                } catch (errorCaught) {","                    console.error(errorCaught);","                }","            }","        };","        // log stderr and stdout to #outputTextareaStdout1","        ['error', 'log'].forEach(function (key) {","            console[key + '_original'] = console[key];","            console[key] = function () {","                var element;","                console[key + '_original'].apply(console, arguments);","                element = document.querySelector('#outputTextareaStdout1');","                if (!element) {","                    return;","                }","                // append text to #outputTextareaStdout1","                element.value += Array.from(arguments).map(function (arg) {","                    return typeof arg === 'string'","                        ? arg","                        : JSON.stringify(arg, null, 4);","                }).join(' ') + '\\n';","                // scroll textarea to bottom","                element.scrollTop = element.scrollHeight;","            };","        });","        // init event-handling","        ['change', 'click', 'keyup'].forEach(function (event) {","            Array.from(document.querySelectorAll('.on' + event)).forEach(function (element) {","                element.addEventListener(event, local.testRunBrowser);","            });","        });","        // run tests","        local.testRunBrowser();","        break;","","","","    // run node js-env code - post-init","    /* istanbul ignore next */","    case 'node':","        // export local","        module.exports = local;","        // require modules","        local.fs = require('fs');","        local.http = require('http');","        local.url = require('url');","        // init assets","        local.assetsDict = local.assetsDict || {};","        /* jslint-ignore-begin */","        local.assetsDict['/assets.index.template.html'] = '\\","<!doctype html>\\n\\","<html lang=\"en\">\\n\\","<head>\\n\\","<meta charset=\"UTF-8\">\\n\\","<meta name=\"viewport\" content=\"width=device-width, initial-scale=1\">\\n\\","<title>{{env.npm_package_name}} (v{{env.npm_package_version}})</title>\\n\\","<style>\\n\\","/*csslint\\n\\","    box-sizing: false,\\n\\","    universal-selector: false\\n\\","*/\\n\\","* {\\n\\","    box-sizing: border-box;\\n\\","}\\n\\","body {\\n\\","    background: #dde;\\n\\","    font-family: Arial, Helvetica, sans-serif;\\n\\","    margin: 2rem;\\n\\","}\\n\\","body > * {\\n\\","    margin-bottom: 1rem;\\n\\","}\\n\\",".utility2FooterDiv {\\n\\","    margin-top: 20px;\\n\\","    text-align: center;\\n\\","}\\n\\","</style>\\n\\","<style>\\n\\","/*csslint\\n\\","*/\\n\\","textarea {\\n\\","    font-family: monospace;\\n\\","    height: 10rem;\\n\\","    width: 100%;\\n\\","}\\n\\","textarea[readonly] {\\n\\","    background: #ddd;\\n\\","}\\n\\","</style>\\n\\","</head>\\n\\","<body>\\n\\","<!-- utility2-comment\\n\\","<div id=\"ajaxProgressDiv1\" style=\"background: #d00; height: 2px; left: 0; margin: 0; padding: 0; position: fixed; top: 0; transition: background 0.5s, width 1.5s; width: 25%;\"></div>\\n\\","utility2-comment -->\\n\\","<h1>\\n\\","<!-- utility2-comment\\n\\","    <a\\n\\","        {{#if env.npm_package_homepage}}\\n\\","        href=\"{{env.npm_package_homepage}}\"\\n\\","        {{/if env.npm_package_homepage}}\\n\\","        target=\"_blank\"\\n\\","    >\\n\\","utility2-comment -->\\n\\","        {{env.npm_package_name}} (v{{env.npm_package_version}})\\n\\","<!-- utility2-comment\\n\\","    </a>\\n\\","utility2-comment -->\\n\\","</h1>\\n\\","<h3>{{env.npm_package_description}}</h3>\\n\\","<!-- utility2-comment\\n\\","<h4><a download href=\"assets.app.js\">download standalone app</a></h4>\\n\\","<button class=\"onclick onreset\" id=\"testRunButton1\">run internal test</button><br>\\n\\","<div id=\"testReportDiv1\" style=\"display: none;\"></div>\\n\\","utility2-comment -->\\n\\","\\n\\","\\n\\","\\n\\","<label>stderr and stdout</label>\\n\\","<textarea class=\"resettable\" id=\"outputTextareaStdout1\" readonly></textarea>\\n\\","<!-- utility2-comment\\n\\","{{#if isRollup}}\\n\\","<script src=\"assets.app.js\"></script>\\n\\","{{#unless isRollup}}\\n\\","utility2-comment -->\\n\\","<script src=\"assets.utility2.rollup.js\"></script>\\n\\","<script src=\"jsonp.utility2._stateInit?callback=window.utility2._stateInit\"></script>\\n\\","<script src=\"assets.npmtest_z_schema.rollup.js\"></script>\\n\\","<script src=\"assets.example.js\"></script>\\n\\","<script src=\"assets.test.js\"></script>\\n\\","<!-- utility2-comment\\n\\","{{/if isRollup}}\\n\\","utility2-comment -->\\n\\","<div class=\"utility2FooterDiv\">\\n\\","    [ this app was created with\\n\\","    <a href=\"https://github.com/kaizhu256/node-utility2\" target=\"_blank\">utility2</a>\\n\\","    ]\\n\\","</div>\\n\\","</body>\\n\\","</html>\\n\\","';","        /* jslint-ignore-end */","        if (local.templateRender) {","            local.assetsDict['/'] = local.templateRender(","                local.assetsDict['/assets.index.template.html'],","                {","                    env: local.objectSetDefault(local.env, {","                        npm_package_description: 'the greatest app in the world!',","                        npm_package_name: 'my-app',","                        npm_package_nameAlias: 'my_app',","                        npm_package_version: '0.0.1'","                    })","                }","            );","        } else {","            local.assetsDict['/'] = local.assetsDict['/assets.index.template.html']","                .replace((/\\{\\{env\\.(\\w+?)\\}\\}/g), function (match0, match1) {","                    // jslint-hack","                    String(match0);","                    switch (match1) {","                    case 'npm_package_description':","                        return 'the greatest app in the world!';","                    case 'npm_package_name':","                        return 'my-app';","                    case 'npm_package_nameAlias':","                        return 'my_app';","                    case 'npm_package_version':","                        return '0.0.1';","                    }","                });","        }","        // run the cli","        if (local.global.utility2_rollup || module !== require.main) {","            break;","        }","        local.assetsDict['/assets.example.js'] =","            local.assetsDict['/assets.example.js'] ||","            local.fs.readFileSync(__filename, 'utf8');","        // bug-workaround - long $npm_package_buildCustomOrg","        /* jslint-ignore-begin */","        local.assetsDict['/assets.npmtest_z_schema.rollup.js'] =","            local.assetsDict['/assets.npmtest_z_schema.rollup.js'] ||","            local.fs.readFileSync(","                local.npmtest_z_schema.__dirname + '/lib.npmtest_z_schema.js',","                'utf8'","            ).replace((/^#!/), '//');","        /* jslint-ignore-end */","        local.assetsDict['/favicon.ico'] = local.assetsDict['/favicon.ico'] || '';","        // if $npm_config_timeout_exit exists,","        // then exit this process after $npm_config_timeout_exit ms","        if (Number(process.env.npm_config_timeout_exit)) {","            setTimeout(process.exit, Number(process.env.npm_config_timeout_exit));","        }","        // start server","        if (local.global.utility2_serverHttp1) {","            break;","        }","        process.env.PORT = process.env.PORT || '8081';","        console.error('server starting on port ' + process.env.PORT);","        local.http.createServer(function (request, response) {","            request.urlParsed = local.url.parse(request.url);","            if (local.assetsDict[request.urlParsed.pathname] !== undefined) {","                response.end(local.assetsDict[request.urlParsed.pathname]);","                return;","            }","            response.statusCode = 404;","            response.end();","        }).listen(process.env.PORT);","        break;","    }","}());",""],"l":{"26":2,"28":2,"33":2,"35":2,"37":2,"38":2,"39":2,"44":1,"51":2,"55":2,"59":2,"61":2,"69":1,"70":2,"76":2,"79":2,"82":2,"83":2,"85":1,"89":2,"92":1,"93":1,"94":1,"96":1,"97":1,"100":1,"101":1,"103":1,"106":1,"108":2,"114":1,"116":1,"118":1,"123":1,"124":2,"125":2,"126":3,"127":3,"128":3,"129":3,"130":1,"133":3,"134":3,"139":3,"143":1,"144":3,"145":1,"149":1,"150":1,"158":1,"160":1,"161":1,"162":1,"164":1,"166":1,"258":1,"259":1,"271":1,"274":6,"275":6,"277":1,"279":2,"281":1,"283":2,"288":1,"289":1,"291":1,"296":1,"303":1,"306":1,"307":1,"310":1,"311":1,"313":1,"314":1,"315":1,"316":1,"317":1,"318":1,"319":1,"321":1,"322":1,"324":1}},"/home/travis/build/npmtest/node-npmtest-z-schema/node_modules/z-schema/src/ZSchema.js":{"path":"/home/travis/build/npmtest/node-npmtest-z-schema/node_modules/z-schema/src/ZSchema.js","s":{"1":1,"2":1,"3":1,"4":1,"5":1,"6":1,"7":1,"8":1,"9":1,"10":1,"11":1,"12":1,"13":1,"14":0,"15":0,"16":0,"17":0,"18":0,"19":0,"20":0,"21":0,"22":0,"23":0,"24":0,"25":0,"26":0,"27":0,"28":0,"29":0,"30":0,"31":0,"32":0,"33":0,"34":0,"35":0,"36":0,"37":0,"38":0,"39":0,"40":0,"41":1,"42":0,"43":0,"44":0,"45":0,"46":0,"47":1,"48":0,"49":0,"50":0,"51":0,"52":0,"53":0,"54":0,"55":0,"56":0,"57":1,"58":0,"59":0,"60":0,"61":0,"62":0,"63":0,"64":0,"65":0,"66":0,"67":0,"68":0,"69":0,"70":0,"71":0,"72":0,"73":0,"74":0,"75":0,"76":0,"77":0,"78":0,"79":0,"80":0,"81":0,"82":0,"83":0,"84":0,"85":0,"86":0,"87":0,"88":0,"89":0,"90":0,"91":0,"92":0,"93":0,"94":0,"95":0,"96":0,"97":0,"98":0,"99":0,"100":0,"101":0,"102":0,"103":0,"104":0,"105":1,"106":0,"107":0,"108":0,"109":0,"110":0,"111":0,"112":0,"113":1,"114":0,"115":1,"116":0,"117":0,"118":0,"119":0,"120":0,"121":0,"122":0,"123":0,"124":0,"125":0,"126":0,"127":1,"128":0,"129":0,"130":0,"131":0,"132":0,"133":0,"134":1,"135":0,"136":0,"137":0,"138":0,"139":1,"140":0,"141":0,"142":0,"143":0,"144":0,"145":0,"146":0,"147":0,"148":0,"149":0,"150":0,"151":0,"152":0,"153":0,"154":0,"155":0,"156":0,"157":0,"158":0,"159":0,"160":0,"161":0,"162":0,"163":0,"164":0,"165":0,"166":0,"167":0,"168":0,"169":0,"170":0,"171":0,"172":1,"173":0,"174":1,"175":0,"176":1,"177":0,"178":1,"179":0,"180":1,"181":0,"182":1,"183":0,"184":1,"185":0,"186":1},"b":{"1":[0,0],"2":[0,0],"3":[0,0],"4":[0,0],"5":[0,0],"6":[0,0],"7":[0,0],"8":[0,0],"9":[0,0],"10":[0,0],"11":[0,0],"12":[0,0],"13":[0,0],"14":[0,0],"15":[0,0],"16":[0,0],"17":[0,0],"18":[0,0],"19":[0,0],"20":[0,0],"21":[0,0],"22":[0,0],"23":[0,0],"24":[0,0],"25":[0,0],"26":[0,0],"27":[0,0],"28":[0,0],"29":[0,0],"30":[0,0],"31":[0,0],"32":[0,0],"33":[0,0],"34":[0,0],"35":[0,0],"36":[0,0],"37":[0,0],"38":[0,0],"39":[0,0],"40":[0,0],"41":[0,0],"42":[0,0]},"f":{"1":0,"2":0,"3":0,"4":0,"5":0,"6":0,"7":0,"8":0,"9":0,"10":0,"11":0,"12":0,"13":0,"14":0,"15":0,"16":0,"17":0,"18":0,"19":0,"20":0},"fnMap":{"1":{"name":"ZSchema","line":66,"loc":{"start":{"line":66,"column":0},"end":{"line":66,"column":26}}},"2":{"name":"(anonymous_2)","line":118,"loc":{"start":{"line":118,"column":34},"end":{"line":118,"column":52}}},"3":{"name":"(anonymous_3)","line":128,"loc":{"start":{"line":128,"column":35},"end":{"line":128,"column":53}}},"4":{"name":"(anonymous_4)","line":143,"loc":{"start":{"line":143,"column":29},"end":{"line":143,"column":72}}},"5":{"name":"(anonymous_5)","line":155,"loc":{"start":{"line":155,"column":29},"end":{"line":155,"column":41}}},"6":{"name":"(anonymous_6)","line":217,"loc":{"start":{"line":217,"column":33},"end":{"line":217,"column":45}}},"7":{"name":"(anonymous_7)","line":227,"loc":{"start":{"line":227,"column":34},"end":{"line":227,"column":46}}},"8":{"name":"(anonymous_8)","line":230,"loc":{"start":{"line":230,"column":41},"end":{"line":230,"column":56}}},"9":{"name":"(anonymous_9)","line":248,"loc":{"start":{"line":248,"column":47},"end":{"line":248,"column":59}}},"10":{"name":"(anonymous_10)","line":260,"loc":{"start":{"line":260,"column":39},"end":{"line":260,"column":62}}},"11":{"name":"(anonymous_11)","line":268,"loc":{"start":{"line":268,"column":38},"end":{"line":268,"column":56}}},"12":{"name":"(anonymous_12)","line":278,"loc":{"start":{"line":278,"column":18},"end":{"line":278,"column":36}}},"13":{"name":"(anonymous_13)","line":315,"loc":{"start":{"line":315,"column":20},"end":{"line":315,"column":33}}},"14":{"name":"(anonymous_14)","line":326,"loc":{"start":{"line":326,"column":36},"end":{"line":326,"column":60}}},"15":{"name":"(anonymous_15)","line":329,"loc":{"start":{"line":329,"column":36},"end":{"line":329,"column":48}}},"16":{"name":"(anonymous_16)","line":336,"loc":{"start":{"line":336,"column":26},"end":{"line":336,"column":50}}},"17":{"name":"(anonymous_17)","line":339,"loc":{"start":{"line":339,"column":25},"end":{"line":339,"column":66}}},"18":{"name":"(anonymous_18)","line":342,"loc":{"start":{"line":342,"column":27},"end":{"line":342,"column":49}}},"19":{"name":"(anonymous_19)","line":345,"loc":{"start":{"line":345,"column":31},"end":{"line":345,"column":43}}},"20":{"name":"(anonymous_20)","line":348,"loc":{"start":{"line":348,"column":28},"end":{"line":348,"column":40}}}},"statementMap":{"1":{"start":{"line":3,"column":0},"end":{"line":3,"column":23}},"2":{"start":{"line":4,"column":0},"end":{"line":4,"column":46}},"3":{"start":{"line":5,"column":0},"end":{"line":5,"column":44}},"4":{"start":{"line":6,"column":0},"end":{"line":6,"column":54}},"5":{"start":{"line":7,"column":0},"end":{"line":7,"column":52}},"6":{"start":{"line":8,"column":0},"end":{"line":8,"column":49}},"7":{"start":{"line":9,"column":0},"end":{"line":9,"column":55}},"8":{"start":{"line":10,"column":0},"end":{"line":10,"column":54}},"9":{"start":{"line":11,"column":0},"end":{"line":11,"column":43}},"10":{"start":{"line":12,"column":0},"end":{"line":12,"column":57}},"11":{"start":{"line":13,"column":0},"end":{"line":13,"column":63}},"12":{"start":{"line":18,"column":0},"end":{"line":61,"column":2}},"13":{"start":{"line":66,"column":0},"end":{"line":113,"column":1}},"14":{"start":{"line":67,"column":4},"end":{"line":67,"column":20}},"15":{"start":{"line":68,"column":4},"end":{"line":68,"column":29}},"16":{"start":{"line":70,"column":4},"end":{"line":70,"column":84}},"17":{"start":{"line":71,"column":4},"end":{"line":71,"column":95}},"18":{"start":{"line":74,"column":4},"end":{"line":100,"column":5}},"19":{"start":{"line":75,"column":8},"end":{"line":77,"column":16}},"20":{"start":{"line":80,"column":8},"end":{"line":85,"column":9}},"21":{"start":{"line":81,"column":12},"end":{"line":81,"column":28}},"22":{"start":{"line":82,"column":12},"end":{"line":84,"column":13}},"23":{"start":{"line":83,"column":16},"end":{"line":83,"column":83}},"24":{"start":{"line":88,"column":8},"end":{"line":88,"column":43}},"25":{"start":{"line":89,"column":8},"end":{"line":89,"column":26}},"26":{"start":{"line":90,"column":8},"end":{"line":95,"column":9}},"27":{"start":{"line":91,"column":12},"end":{"line":91,"column":28}},"28":{"start":{"line":92,"column":12},"end":{"line":94,"column":13}},"29":{"start":{"line":93,"column":16},"end":{"line":93,"column":64}},"30":{"start":{"line":97,"column":8},"end":{"line":97,"column":31}},"31":{"start":{"line":99,"column":8},"end":{"line":99,"column":51}},"32":{"start":{"line":102,"column":4},"end":{"line":111,"column":5}},"33":{"start":{"line":103,"column":8},"end":{"line":103,"column":45}},"34":{"start":{"line":104,"column":8},"end":{"line":104,"column":45}},"35":{"start":{"line":105,"column":8},"end":{"line":105,"column":45}},"36":{"start":{"line":106,"column":8},"end":{"line":106,"column":45}},"37":{"start":{"line":107,"column":8},"end":{"line":107,"column":45}},"38":{"start":{"line":108,"column":8},"end":{"line":108,"column":45}},"39":{"start":{"line":109,"column":8},"end":{"line":109,"column":45}},"40":{"start":{"line":110,"column":8},"end":{"line":110,"column":45}},"41":{"start":{"line":118,"column":0},"end":{"line":127,"column":2}},"42":{"start":{"line":119,"column":4},"end":{"line":119,"column":42}},"43":{"start":{"line":121,"column":4},"end":{"line":121,"column":62}},"44":{"start":{"line":123,"column":4},"end":{"line":123,"column":63}},"45":{"start":{"line":125,"column":4},"end":{"line":125,"column":29}},"46":{"start":{"line":126,"column":4},"end":{"line":126,"column":28}},"47":{"start":{"line":128,"column":0},"end":{"line":142,"column":2}},"48":{"start":{"line":129,"column":4},"end":{"line":131,"column":5}},"49":{"start":{"line":130,"column":8},"end":{"line":130,"column":74}},"50":{"start":{"line":133,"column":4},"end":{"line":133,"column":42}},"51":{"start":{"line":135,"column":4},"end":{"line":135,"column":62}},"52":{"start":{"line":137,"column":4},"end":{"line":137,"column":78}},"53":{"start":{"line":138,"column":4},"end":{"line":138,"column":81}},"54":{"start":{"line":138,"column":20},"end":{"line":138,"column":79}},"55":{"start":{"line":140,"column":4},"end":{"line":140,"column":29}},"56":{"start":{"line":141,"column":4},"end":{"line":141,"column":28}},"57":{"start":{"line":143,"column":0},"end":{"line":216,"column":2}},"58":{"start":{"line":145,"column":4},"end":{"line":148,"column":5}},"59":{"start":{"line":146,"column":8},"end":{"line":146,"column":27}},"60":{"start":{"line":147,"column":8},"end":{"line":147,"column":21}},"61":{"start":{"line":149,"column":4},"end":{"line":149,"column":35}},"62":{"start":{"line":149,"column":20},"end":{"line":149,"column":33}},"63":{"start":{"line":151,"column":4},"end":{"line":151,"column":38}},"64":{"start":{"line":152,"column":4},"end":{"line":161,"column":5}},"65":{"start":{"line":153,"column":8},"end":{"line":153,"column":120}},"66":{"start":{"line":154,"column":8},"end":{"line":159,"column":9}},"67":{"start":{"line":155,"column":12},"end":{"line":157,"column":15}},"68":{"start":{"line":156,"column":16},"end":{"line":156,"column":35}},"69":{"start":{"line":158,"column":12},"end":{"line":158,"column":19}},"70":{"start":{"line":160,"column":8},"end":{"line":160,"column":16}},"71":{"start":{"line":163,"column":4},"end":{"line":163,"column":27}},"72":{"start":{"line":164,"column":4},"end":{"line":164,"column":42}},"73":{"start":{"line":166,"column":4},"end":{"line":174,"column":5}},"74":{"start":{"line":167,"column":8},"end":{"line":167,"column":32}},"75":{"start":{"line":168,"column":8},"end":{"line":168,"column":70}},"76":{"start":{"line":169,"column":8},"end":{"line":171,"column":9}},"77":{"start":{"line":170,"column":12},"end":{"line":170,"column":104}},"78":{"start":{"line":173,"column":8},"end":{"line":173,"column":66}},"79":{"start":{"line":176,"column":4},"end":{"line":176,"column":25}},"80":{"start":{"line":177,"column":4},"end":{"line":179,"column":5}},"81":{"start":{"line":178,"column":8},"end":{"line":178,"column":78}},"82":{"start":{"line":180,"column":4},"end":{"line":183,"column":5}},"83":{"start":{"line":181,"column":8},"end":{"line":181,"column":33}},"84":{"start":{"line":182,"column":8},"end":{"line":182,"column":26}},"85":{"start":{"line":185,"column":4},"end":{"line":185,"column":26}},"86":{"start":{"line":186,"column":4},"end":{"line":188,"column":5}},"87":{"start":{"line":187,"column":8},"end":{"line":187,"column":79}},"88":{"start":{"line":189,"column":4},"end":{"line":192,"column":5}},"89":{"start":{"line":190,"column":8},"end":{"line":190,"column":33}},"90":{"start":{"line":191,"column":8},"end":{"line":191,"column":26}},"91":{"start":{"line":194,"column":4},"end":{"line":200,"column":5}},"92":{"start":{"line":195,"column":8},"end":{"line":195,"column":35}},"93":{"start":{"line":196,"column":8},"end":{"line":196,"column":49}},"94":{"start":{"line":197,"column":8},"end":{"line":199,"column":9}},"95":{"start":{"line":198,"column":12},"end":{"line":198,"column":100}},"96":{"start":{"line":202,"column":4},"end":{"line":204,"column":5}},"97":{"start":{"line":203,"column":8},"end":{"line":203,"column":65}},"98":{"start":{"line":206,"column":4},"end":{"line":211,"column":5}},"99":{"start":{"line":207,"column":8},"end":{"line":207,"column":70}},"100":{"start":{"line":208,"column":8},"end":{"line":208,"column":15}},"101":{"start":{"line":209,"column":11},"end":{"line":211,"column":5}},"102":{"start":{"line":210,"column":8},"end":{"line":210,"column":126}},"103":{"start":{"line":214,"column":4},"end":{"line":214,"column":29}},"104":{"start":{"line":215,"column":4},"end":{"line":215,"column":28}},"105":{"start":{"line":217,"column":0},"end":{"line":226,"column":2}},"106":{"start":{"line":218,"column":4},"end":{"line":220,"column":5}},"107":{"start":{"line":219,"column":8},"end":{"line":219,"column":20}},"108":{"start":{"line":221,"column":4},"end":{"line":221,"column":24}},"109":{"start":{"line":222,"column":4},"end":{"line":222,"column":41}},"110":{"start":{"line":223,"column":4},"end":{"line":223,"column":51}},"111":{"start":{"line":224,"column":4},"end":{"line":224,"column":39}},"112":{"start":{"line":225,"column":4},"end":{"line":225,"column":13}},"113":{"start":{"line":227,"column":0},"end":{"line":229,"column":2}},"114":{"start":{"line":228,"column":4},"end":{"line":228,"column":101}},"115":{"start":{"line":230,"column":0},"end":{"line":247,"column":2}},"116":{"start":{"line":231,"column":4},"end":{"line":231,"column":40}},"117":{"start":{"line":232,"column":4},"end":{"line":233,"column":25}},"118":{"start":{"line":234,"column":4},"end":{"line":245,"column":5}},"119":{"start":{"line":235,"column":8},"end":{"line":235,"column":29}},"120":{"start":{"line":236,"column":8},"end":{"line":241,"column":9}},"121":{"start":{"line":237,"column":12},"end":{"line":237,"column":44}},"122":{"start":{"line":238,"column":12},"end":{"line":240,"column":13}},"123":{"start":{"line":239,"column":16},"end":{"line":239,"column":36}},"124":{"start":{"line":242,"column":8},"end":{"line":244,"column":9}},"125":{"start":{"line":243,"column":12},"end":{"line":243,"column":69}},"126":{"start":{"line":246,"column":4},"end":{"line":246,"column":15}},"127":{"start":{"line":248,"column":0},"end":{"line":259,"column":2}},"128":{"start":{"line":249,"column":4},"end":{"line":251,"column":39}},"129":{"start":{"line":252,"column":4},"end":{"line":257,"column":5}},"130":{"start":{"line":253,"column":8},"end":{"line":253,"column":80}},"131":{"start":{"line":254,"column":8},"end":{"line":256,"column":9}},"132":{"start":{"line":255,"column":12},"end":{"line":255,"column":58}},"133":{"start":{"line":258,"column":4},"end":{"line":258,"column":35}},"134":{"start":{"line":260,"column":0},"end":{"line":267,"column":2}},"135":{"start":{"line":261,"column":4},"end":{"line":265,"column":5}},"136":{"start":{"line":262,"column":8},"end":{"line":262,"column":36}},"137":{"start":{"line":264,"column":8},"end":{"line":264,"column":41}},"138":{"start":{"line":266,"column":4},"end":{"line":266,"column":57}},"139":{"start":{"line":268,"column":0},"end":{"line":325,"column":2}},"140":{"start":{"line":269,"column":4},"end":{"line":269,"column":42}},"141":{"start":{"line":270,"column":4},"end":{"line":270,"column":62}},"142":{"start":{"line":273,"column":4},"end":{"line":273,"column":37}},"143":{"start":{"line":275,"column":4},"end":{"line":275,"column":21}},"144":{"start":{"line":278,"column":4},"end":{"line":312,"column":6}},"145":{"start":{"line":279,"column":8},"end":{"line":280,"column":42}},"146":{"start":{"line":281,"column":8},"end":{"line":283,"column":9}},"147":{"start":{"line":282,"column":12},"end":{"line":282,"column":19}},"148":{"start":{"line":285,"column":8},"end":{"line":287,"column":9}},"149":{"start":{"line":286,"column":12},"end":{"line":286,"column":19}},"150":{"start":{"line":289,"column":8},"end":{"line":289,"column":34}},"151":{"start":{"line":290,"column":8},"end":{"line":290,"column":29}},"152":{"start":{"line":292,"column":8},"end":{"line":302,"column":9}},"153":{"start":{"line":293,"column":12},"end":{"line":293,"column":45}},"154":{"start":{"line":294,"column":12},"end":{"line":294,"column":28}},"155":{"start":{"line":295,"column":12},"end":{"line":295,"column":31}},"156":{"start":{"line":296,"column":12},"end":{"line":296,"column":41}},"157":{"start":{"line":297,"column":12},"end":{"line":301,"column":13}},"158":{"start":{"line":298,"column":16},"end":{"line":300,"column":17}},"159":{"start":{"line":299,"column":20},"end":{"line":299,"column":40}},"160":{"start":{"line":303,"column":8},"end":{"line":311,"column":9}},"161":{"start":{"line":304,"column":12},"end":{"line":310,"column":13}},"162":{"start":{"line":305,"column":16},"end":{"line":309,"column":17}},"163":{"start":{"line":306,"column":20},"end":{"line":306,"column":39}},"164":{"start":{"line":308,"column":20},"end":{"line":308,"column":41}},"165":{"start":{"line":314,"column":4},"end":{"line":314,"column":20}},"166":{"start":{"line":315,"column":4},"end":{"line":317,"column":7}},"167":{"start":{"line":316,"column":8},"end":{"line":316,"column":29}},"168":{"start":{"line":319,"column":4},"end":{"line":319,"column":29}},"169":{"start":{"line":320,"column":4},"end":{"line":324,"column":5}},"170":{"start":{"line":321,"column":8},"end":{"line":321,"column":22}},"171":{"start":{"line":323,"column":8},"end":{"line":323,"column":34}},"172":{"start":{"line":326,"column":0},"end":{"line":328,"column":2}},"173":{"start":{"line":327,"column":4},"end":{"line":327,"column":49}},"174":{"start":{"line":329,"column":0},"end":{"line":331,"column":2}},"175":{"start":{"line":330,"column":4},"end":{"line":330,"column":32}},"176":{"start":{"line":336,"column":0},"end":{"line":338,"column":2}},"177":{"start":{"line":337,"column":4},"end":{"line":337,"column":40}},"178":{"start":{"line":339,"column":0},"end":{"line":341,"column":2}},"179":{"start":{"line":340,"column":4},"end":{"line":340,"column":53}},"180":{"start":{"line":342,"column":0},"end":{"line":344,"column":2}},"181":{"start":{"line":343,"column":4},"end":{"line":343,"column":40}},"182":{"start":{"line":345,"column":0},"end":{"line":347,"column":2}},"183":{"start":{"line":346,"column":4},"end":{"line":346,"column":41}},"184":{"start":{"line":348,"column":0},"end":{"line":350,"column":2}},"185":{"start":{"line":349,"column":4},"end":{"line":349,"column":43}},"186":{"start":{"line":352,"column":0},"end":{"line":352,"column":25}}},"branchMap":{"1":{"line":74,"type":"if","locations":[{"start":{"line":74,"column":4},"end":{"line":74,"column":4}},{"start":{"line":74,"column":4},"end":{"line":74,"column":4}}]},"2":{"line":82,"type":"if","locations":[{"start":{"line":82,"column":12},"end":{"line":82,"column":12}},{"start":{"line":82,"column":12},"end":{"line":82,"column":12}}]},"3":{"line":92,"type":"if","locations":[{"start":{"line":92,"column":12},"end":{"line":92,"column":12}},{"start":{"line":92,"column":12},"end":{"line":92,"column":12}}]},"4":{"line":102,"type":"if","locations":[{"start":{"line":102,"column":4},"end":{"line":102,"column":4}},{"start":{"line":102,"column":4},"end":{"line":102,"column":4}}]},"5":{"line":129,"type":"if","locations":[{"start":{"line":129,"column":4},"end":{"line":129,"column":4}},{"start":{"line":129,"column":4},"end":{"line":129,"column":4}}]},"6":{"line":129,"type":"binary-expr","locations":[{"start":{"line":129,"column":8},"end":{"line":129,"column":29}},{"start":{"line":129,"column":33},"end":{"line":129,"column":52}}]},"7":{"line":138,"type":"if","locations":[{"start":{"line":138,"column":4},"end":{"line":138,"column":4}},{"start":{"line":138,"column":4},"end":{"line":138,"column":4}}]},"8":{"line":145,"type":"if","locations":[{"start":{"line":145,"column":4},"end":{"line":145,"column":4}},{"start":{"line":145,"column":4},"end":{"line":145,"column":4}}]},"9":{"line":149,"type":"if","locations":[{"start":{"line":149,"column":4},"end":{"line":149,"column":4}},{"start":{"line":149,"column":4},"end":{"line":149,"column":4}}]},"10":{"line":152,"type":"if","locations":[{"start":{"line":152,"column":4},"end":{"line":152,"column":4}},{"start":{"line":152,"column":4},"end":{"line":152,"column":4}}]},"11":{"line":152,"type":"binary-expr","locations":[{"start":{"line":152,"column":8},"end":{"line":152,"column":27}},{"start":{"line":152,"column":31},"end":{"line":152,"column":50}}]},"12":{"line":154,"type":"if","locations":[{"start":{"line":154,"column":8},"end":{"line":154,"column":8}},{"start":{"line":154,"column":8},"end":{"line":154,"column":8}}]},"13":{"line":166,"type":"if","locations":[{"start":{"line":166,"column":4},"end":{"line":166,"column":4}},{"start":{"line":166,"column":4},"end":{"line":166,"column":4}}]},"14":{"line":169,"type":"if","locations":[{"start":{"line":169,"column":8},"end":{"line":169,"column":8}},{"start":{"line":169,"column":8},"end":{"line":169,"column":8}}]},"15":{"line":177,"type":"if","locations":[{"start":{"line":177,"column":4},"end":{"line":177,"column":4}},{"start":{"line":177,"column":4},"end":{"line":177,"column":4}}]},"16":{"line":180,"type":"if","locations":[{"start":{"line":180,"column":4},"end":{"line":180,"column":4}},{"start":{"line":180,"column":4},"end":{"line":180,"column":4}}]},"17":{"line":186,"type":"if","locations":[{"start":{"line":186,"column":4},"end":{"line":186,"column":4}},{"start":{"line":186,"column":4},"end":{"line":186,"column":4}}]},"18":{"line":189,"type":"if","locations":[{"start":{"line":189,"column":4},"end":{"line":189,"column":4}},{"start":{"line":189,"column":4},"end":{"line":189,"column":4}}]},"19":{"line":194,"type":"if","locations":[{"start":{"line":194,"column":4},"end":{"line":194,"column":4}},{"start":{"line":194,"column":4},"end":{"line":194,"column":4}}]},"20":{"line":197,"type":"if","locations":[{"start":{"line":197,"column":8},"end":{"line":197,"column":8}},{"start":{"line":197,"column":8},"end":{"line":197,"column":8}}]},"21":{"line":202,"type":"if","locations":[{"start":{"line":202,"column":4},"end":{"line":202,"column":4}},{"start":{"line":202,"column":4},"end":{"line":202,"column":4}}]},"22":{"line":206,"type":"if","locations":[{"start":{"line":206,"column":4},"end":{"line":206,"column":4}},{"start":{"line":206,"column":4},"end":{"line":206,"column":4}}]},"23":{"line":209,"type":"if","locations":[{"start":{"line":209,"column":11},"end":{"line":209,"column":11}},{"start":{"line":209,"column":11},"end":{"line":209,"column":11}}]},"24":{"line":218,"type":"if","locations":[{"start":{"line":218,"column":4},"end":{"line":218,"column":4}},{"start":{"line":218,"column":4},"end":{"line":218,"column":4}}]},"25":{"line":228,"type":"cond-expr","locations":[{"start":{"line":228,"column":66},"end":{"line":228,"column":88}},{"start":{"line":228,"column":91},"end":{"line":228,"column":100}}]},"26":{"line":228,"type":"binary-expr","locations":[{"start":{"line":228,"column":11},"end":{"line":228,"column":26}},{"start":{"line":228,"column":30},"end":{"line":228,"column":63}}]},"27":{"line":231,"type":"binary-expr","locations":[{"start":{"line":231,"column":10},"end":{"line":231,"column":13}},{"start":{"line":231,"column":17},"end":{"line":231,"column":39}}]},"28":{"line":236,"type":"if","locations":[{"start":{"line":236,"column":8},"end":{"line":236,"column":8}},{"start":{"line":236,"column":8},"end":{"line":236,"column":8}}]},"29":{"line":238,"type":"if","locations":[{"start":{"line":238,"column":12},"end":{"line":238,"column":12}},{"start":{"line":238,"column":12},"end":{"line":238,"column":12}}]},"30":{"line":242,"type":"if","locations":[{"start":{"line":242,"column":8},"end":{"line":242,"column":8}},{"start":{"line":242,"column":8},"end":{"line":242,"column":8}}]},"31":{"line":254,"type":"if","locations":[{"start":{"line":254,"column":8},"end":{"line":254,"column":8}},{"start":{"line":254,"column":8},"end":{"line":254,"column":8}}]},"32":{"line":254,"type":"binary-expr","locations":[{"start":{"line":254,"column":12},"end":{"line":254,"column":27}},{"start":{"line":254,"column":31},"end":{"line":254,"column":86}}]},"33":{"line":261,"type":"if","locations":[{"start":{"line":261,"column":4},"end":{"line":261,"column":4}},{"start":{"line":261,"column":4},"end":{"line":261,"column":4}}]},"34":{"line":281,"type":"if","locations":[{"start":{"line":281,"column":8},"end":{"line":281,"column":8}},{"start":{"line":281,"column":8},"end":{"line":281,"column":8}}]},"35":{"line":281,"type":"binary-expr","locations":[{"start":{"line":281,"column":12},"end":{"line":281,"column":31}},{"start":{"line":281,"column":35},"end":{"line":281,"column":53}}]},"36":{"line":285,"type":"if","locations":[{"start":{"line":285,"column":8},"end":{"line":285,"column":8}},{"start":{"line":285,"column":8},"end":{"line":285,"column":8}}]},"37":{"line":292,"type":"if","locations":[{"start":{"line":292,"column":8},"end":{"line":292,"column":8}},{"start":{"line":292,"column":8},"end":{"line":292,"column":8}}]},"38":{"line":292,"type":"binary-expr","locations":[{"start":{"line":292,"column":12},"end":{"line":292,"column":23}},{"start":{"line":292,"column":27},"end":{"line":292,"column":48}}]},"39":{"line":298,"type":"if","locations":[{"start":{"line":298,"column":16},"end":{"line":298,"column":16}},{"start":{"line":298,"column":16},"end":{"line":298,"column":16}}]},"40":{"line":304,"type":"if","locations":[{"start":{"line":304,"column":12},"end":{"line":304,"column":12}},{"start":{"line":304,"column":12},"end":{"line":304,"column":12}}]},"41":{"line":305,"type":"if","locations":[{"start":{"line":305,"column":16},"end":{"line":305,"column":16}},{"start":{"line":305,"column":16},"end":{"line":305,"column":16}}]},"42":{"line":320,"type":"if","locations":[{"start":{"line":320,"column":4},"end":{"line":320,"column":4}},{"start":{"line":320,"column":4},"end":{"line":320,"column":4}}]}},"code":["\"use strict\";","","require(\"./Polyfills\");","var get               = require(\"lodash.get\");","var Report            = require(\"./Report\");","var FormatValidators  = require(\"./FormatValidators\");","var JsonValidation    = require(\"./JsonValidation\");","var SchemaCache       = require(\"./SchemaCache\");","var SchemaCompilation = require(\"./SchemaCompilation\");","var SchemaValidation  = require(\"./SchemaValidation\");","var Utils             = require(\"./Utils\");","var Draft4Schema      = require(\"./schemas/schema.json\");","var Draft4HyperSchema = require(\"./schemas/hyper-schema.json\");","","/*","    default options","*/","var defaultOptions = {","    // default timeout for all async tasks","    asyncTimeout: 2000,","    // force additionalProperties and additionalItems to be defined on \"object\" and \"array\" types","    forceAdditional: false,","    // assume additionalProperties and additionalItems are defined as \"false\" where appropriate","    assumeAdditional: false,","    // force items to be defined on \"array\" types","    forceItems: false,","    // force minItems to be defined on \"array\" types","    forceMinItems: false,","    // force maxItems to be defined on \"array\" types","    forceMaxItems: false,","    // force minLength to be defined on \"string\" types","    forceMinLength: false,","    // force maxLength to be defined on \"string\" types","    forceMaxLength: false,","    // force properties or patternProperties to be defined on \"object\" types","    forceProperties: false,","    // ignore references that cannot be resolved (remote schemas) // TODO: make sure this is only for remote schemas, not local ones","    ignoreUnresolvableReferences: false,","    // disallow usage of keywords that this validator can't handle","    noExtraKeywords: false,","    // disallow usage of schema's without \"type\" defined","    noTypeless: false,","    // disallow zero length strings in validated objects","    noEmptyStrings: false,","    // disallow zero length arrays in validated objects","    noEmptyArrays: false,","    // forces \"uri\" format to be in fully rfc3986 compliant","    strictUris: false,","    // turn on some of the above","    strictMode: false,","    // report error paths as an array of path segments to get to the offending node","    reportPathAsArray: false,","    // stops validation as soon as an error is found, true by default but can be turned off","    breakOnFirstError: true,","    // check if schema follow best practices and common sence","    pedanticCheck: false,","    // ignore unknown formats (do not report them as an error)","    ignoreUnknownFormats: false,","    // function to be called on every schema","    customValidator: null","};","","/*","    constructor","*/","function ZSchema(options) {","    this.cache = {};","    this.referenceCache = [];","","    this.setRemoteReference(\"http://json-schema.org/draft-04/schema\", Draft4Schema);","    this.setRemoteReference(\"http://json-schema.org/draft-04/hyper-schema\", Draft4HyperSchema);","","    // options","    if (typeof options === \"object\") {","        var keys = Object.keys(options),","            idx = keys.length,","            key;","","        // check that the options are correctly configured","        while (idx--) {","            key = keys[idx];","            if (defaultOptions[key] === undefined) {","                throw new Error(\"Unexpected option passed to constructor: \" + key);","            }","        }","","        // copy the default options into passed options","        keys = Object.keys(defaultOptions);","        idx = keys.length;","        while (idx--) {","            key = keys[idx];","            if (options[key] === undefined) {","                options[key] = Utils.clone(defaultOptions[key]);","            }","        }","","        this.options = options;","    } else {","        this.options = Utils.clone(defaultOptions);","    }","","    if (this.options.strictMode === true) {","        this.options.forceAdditional  = true;","        this.options.forceItems       = true;","        this.options.forceMaxLength   = true;","        this.options.forceProperties  = true;","        this.options.noExtraKeywords  = true;","        this.options.noTypeless       = true;","        this.options.noEmptyStrings   = true;","        this.options.noEmptyArrays    = true;","    }","","}","","/*","    instance methods","*/","ZSchema.prototype.compileSchema = function (schema) {","    var report = new Report(this.options);","","    schema = SchemaCache.getSchema.call(this, report, schema);","","    SchemaCompilation.compileSchema.call(this, report, schema);","","    this.lastReport = report;","    return report.isValid();","};","ZSchema.prototype.validateSchema = function (schema) {","    if (Array.isArray(schema) && schema.length === 0) {","        throw new Error(\".validateSchema was called with an empty array\");","    }","","    var report = new Report(this.options);","","    schema = SchemaCache.getSchema.call(this, report, schema);","","    var compiled = SchemaCompilation.compileSchema.call(this, report, schema);","    if (compiled) { SchemaV
[...]
custome - assume defined false mode","        if (this.options.assumeAdditional && schema.additionalProperties === undefined) {","            schema.additionalProperties = false;","        }","        // custom - forceProperties","        if (this.options.forceProperties === true && keys.length === 0) {","            report.addError(\"CUSTOM_MODE_FORCE_PROPERTIES\", [\"properties\"]);","        }","    },","    patternProperties: function (report, schema) {","        // http://json-schema.org/latest/json-schema-validation.html#rfc.section.5.4.4.1","        if (Utils.whatIs(schema.patternProperties) !== \"object\") {","            report.addError(\"KEYWORD_TYPE_EXPECTED\", [\"patternProperties\", \"object\"]);","            return;","        }","","        var keys = Object.keys(schema.patternProperties),","            idx = keys.length;","        while (idx--) {","            var key = keys[idx],","                val = schema.patternProperties[key];","            try {","                RegExp(key);","            } catch (e) {","                report.addError(\"KEYWORD_PATTERN\", [\"patternProperties\", key]);","            }","            report.path.push(\"patternProperties\");","            report.path.push(key.toString());","            exports.validateSchema.call(this, report, val);","            report.path.pop();","            report.path.pop();","        }","","        // custom - forceProperties","        if (this.options.forceProperties === true && keys.length === 0) {","            report.addError(\"CUSTOM_MODE_FORCE_PROPERTIES\", [\"patternProperties\"]);","        }","    },","    dependencies: function (report, schema) {","        // http://json-schema.org/latest/json-schema-validation.html#rfc.section.5.4.5.1","        if (Utils.whatIs(schema.dependencies) !== \"object\") {","            report.addError(\"KEYWORD_TYPE_EXPECTED\", [\"dependencies\", \"object\"]);","        } else {","            var keys = Object.keys(schema.dependencies),","                idx = keys.length;","            while (idx--) {","                var schemaKey = keys[idx],","                    schemaDependency = schema.dependencies[schemaKey],","                    type = Utils.whatIs(schemaDependency);","","                if (type === \"object\") {","                    report.path.push(\"dependencies\");","                    report.path.push(schemaKey);","                    exports.validateSchema.call(this, report, schemaDependency);","                    report.path.pop();","                    report.path.pop();","                } else if (type === \"array\") {","                    var idx2 = schemaDependency.length;","                    if (idx2 === 0) {","                        report.addError(\"KEYWORD_MUST_BE\", [\"dependencies\", \"not empty array\"]);","                    }","                    while (idx2--) {","                        if (typeof schemaDependency[idx2] !== \"string\") {","                            report.addError(\"KEYWORD_VALUE_TYPE\", [\"dependensices\", \"string\"]);","                        }","                    }","                    if (Utils.isUniqueArray(schemaDependency) === false) {","                        report.addError(\"KEYWORD_MUST_BE\", [\"dependencies\", \"an array with unique items\"]);","                    }","                } else {","                    report.addError(\"KEYWORD_VALUE_TYPE\", [\"dependencies\", \"object or array\"]);","                }","            }","        }","    },","    enum: function (report, schema) {","        // http://json-schema.org/latest/json-schema-validation.html#rfc.section.5.5.1.1","        if (Array.isArray(schema.enum) === false) {","            report.addError(\"KEYWORD_TYPE_EXPECTED\", [\"enum\", \"array\"]);","        } else if (schema.enum.length === 0) {","            report.addError(\"KEYWORD_MUST_BE\", [\"enum\", \"an array with at least one element\"]);","        } else if (Utils.isUniqueArray(schema.enum) === false) {","            report.addError(\"KEYWORD_MUST_BE\", [\"enum\", \"an array with unique elements\"]);","        }","    },","    type: function (report, schema) {","        // http://json-schema.org/latest/json-schema-validation.html#rfc.section.5.5.2.1","        var primitiveTypes = [\"array\", \"boolean\", \"integer\", \"number\", \"null\", \"object\", \"string\"],","            primitiveTypeStr = primitiveTypes.join(\",\"),","            isArray = Array.isArray(schema.type);","","        if (isArray) {","            var idx = schema.type.length;","            while (idx--) {","                if (primitiveTypes.indexOf(schema.type[idx]) === -1) {","                    report.addError(\"KEYWORD_TYPE_EXPECTED\", [\"type\", primitiveTypeStr]);","                }","            }","            if (Utils.isUniqueArray(schema.type) === false) {","                report.addError(\"KEYWORD_MUST_BE\", [\"type\", \"an object with unique properties\"]);","            }","        } else if (typeof schema.type === \"string\") {","            if (primitiveTypes.indexOf(schema.type) === -1) {","                report.addError(\"KEYWORD_TYPE_EXPECTED\", [\"type\", primitiveTypeStr]);","            }","        } else {","            report.addError(\"KEYWORD_TYPE_EXPECTED\", [\"type\", [\"string\", \"array\"]]);","        }","","        if (this.options.noEmptyStrings === true) {","            if (schema.type === \"string\" || isArray && schema.type.indexOf(\"string\") !== -1) {","                if (schema.minLength === undefined &&","                    schema.enum === undefined &&","                    schema.format === undefined) {","","                    schema.minLength = 1;","                }","            }","        }","        if (this.options.noEmptyArrays === true) {","            if (schema.type === \"array\" || isArray && schema.type.indexOf(\"array\") !== -1) {","                if (schema.minItems === undefined) {","                    schema.minItems = 1;","                }","            }","        }","        if (this.options.forceProperties === true) {","            if (schema.type === \"object\" || isArray && schema.type.indexOf(\"object\") !== -1) {","                if (schema.properties === undefined && schema.patternProperties === undefined) {","                    report.addError(\"KEYWORD_UNDEFINED_STRICT\", [\"properties\"]);","                }","            }","        }","        if (this.options.forceItems === true) {","            if (schema.type === \"array\" || isArray && schema.type.indexOf(\"array\") !== -1) {","                if (schema.items === undefined) {","                    report.addError(\"KEYWORD_UNDEFINED_STRICT\", [\"items\"]);","                }","            }","        }","        if (this.options.forceMinItems === true) {","            if (schema.type === \"array\" || isArray && schema.type.indexOf(\"array\") !== -1) {","                if (schema.minItems === undefined) {","                    report.addError(\"KEYWORD_UNDEFINED_STRICT\", [\"minItems\"]);","                }","            }","        }","        if (this.options.forceMaxItems === true) {","            if (schema.type === \"array\" || isArray && schema.type.indexOf(\"array\") !== -1) {","                if (schema.maxItems === undefined) {","                    report.addError(\"KEYWORD_UNDEFINED_STRICT\", [\"maxItems\"]);","                }","            }","        }","        if (this.options.forceMinLength === true) {","            if (schema.type === \"string\" || isArray && schema.type.indexOf(\"string\") !== -1) {","                if (schema.minLength === undefined &&","                    schema.format === undefined &&","                    schema.enum === undefined &&","                    schema.pattern === undefined) {","                    report.addError(\"KEYWORD_UNDEFINED_STRICT\", [\"minLength\"]);","                }","            }","        }","        if (this.options.forceMaxLength === true) {","            if (schema.type === \"string\" || isArray && schema.type.indexOf(\"string\") !== -1) {","                if (schema.maxLength === undefined &&","                    schema.format === undefined &&","                    schema.enum === undefined &&","                    schema.pattern === undefined) {","                    report.addError(\"KEYWORD_UNDEFINED_STRICT\", [\"maxLength\"]);","                }","            }","        }","    },","    allOf: function (report, schema) {","        // http://json-schema.org/latest/json-schema-validation.html#rfc.section.5.5.3.1","        if (Array.isArray(schema.allOf) === false) {","            report.addError(\"KEYWORD_TYPE_EXPECTED\", [\"allOf\", \"array\"]);","        } else if (schema.allOf.length === 0) {","            report.addError(\"KEYWORD_MUST_BE\", [\"allOf\", \"an array with at least one element\"]);","        } else {","            var idx = schema.allOf.length;","            while (idx--) {","                report.path.push(\"allOf\");","                report.path.push(idx.toString());","                exports.validateSchema.call(this, report, schema.allOf[idx]);","                report.path.pop();","                report.path.pop();","            }","        }","    },","    anyOf: function (report, schema) {","        // http://json-schema.org/latest/json-schema-validation.html#rfc.section.5.5.4.1","        if (Array.isArray(schema.anyOf) === false) {","            report.addError(\"KEYWORD_TYPE_EXPECTED\", [\"anyOf\", \"array\"]);","        } else if (schema.anyOf.length === 0) {","            report.addError(\"KEYWORD_MUST_BE\", [\"anyOf\", \"an array with at least one element\"]);","        } else {","            var idx = schema.anyOf.length;","            while (idx--) {","                report.path.push(\"anyOf\");","                report.path.push(idx.toString());","                exports.validateSchema.call(this, report, schema.anyOf[idx]);","                report.path.pop();","                report.path.pop();","            }","        }","    },","    oneOf: function (report, schema) {","        // http://json-schema.org/latest/json-schema-validation.html#rfc.section.5.5.5.1","        if (Array.isArray(schema.oneOf) === false) {","            report.addError(\"KEYWORD_TYPE_EXPECTED\", [\"oneOf\", \"array\"]);","        } else if (schema.oneOf.length === 0) {","            report.addError(\"KEYWORD_MUST_BE\", [\"oneOf\", \"an array with at least one element\"]);","        } else {","            var idx = schema.oneOf.length;","            while (idx--) {","                report.path.push(\"oneOf\");","                report.path.push(idx.toString());","                exports.validateSchema.call(this, report, schema.oneOf[idx]);","                report.path.pop();","                report.path.pop();","            }","        }","    },","    not: function (report, schema) {","        // http://json-schema.org/latest/json-schema-validation.html#rfc.section.5.5.6.1","        if (Utils.whatIs(schema.not) !== \"object\") {","            report.addError(\"KEYWORD_TYPE_EXPECTED\", [\"not\", \"object\"]);","        } else {","            report.path.push(\"not\");","            exports.validateSchema.call(this, report, schema.not);","            report.path.pop();","        }","    },","    definitions: function (report, schema) {","        // http://json-schema.org/latest/json-schema-validation.html#rfc.section.5.5.7.1","        if (Utils.whatIs(schema.definitions) !== \"object\") {","            report.addError(\"KEYWORD_TYPE_EXPECTED\", [\"definitions\", \"object\"]);","        } else {","            var keys = Object.keys(schema.definitions),","                idx = keys.length;","            while (idx--) {","                var key = keys[idx],","                    val = schema.definitions[key];","                report.path.push(\"definitions\");","                report.path.push(key);","                exports.validateSchema.call(this, report, val);","                report.path.pop();","                report.path.pop();","            }","        }","    },","    format: function (report, schema) {","        if (typeof schema.format !== \"string\") {","            report.addError(\"KEYWORD_TYPE_EXPECTED\", [\"format\", \"string\"]);","        } else {","            if (FormatValidators[schema.format] === undefined && this.options.ignoreUnknownFormats !== true) {","                report.addError(\"UNKNOWN_FORMAT\", [schema.format]);","            }","        }","    },","    id: function (report, schema) {","        // http://json-schema.org/latest/json-schema-core.html#rfc.section.7.2","        if (typeof schema.id !== \"string\") {","            report.addError(\"KEYWORD_TYPE_EXPECTED\", [\"id\", \"string\"]);","        }","    },","    title: function (report, schema) {","        // http://json-schema.org/latest/json-schema-validation.html#rfc.section.6.1","        if (typeof schema.title !== \"string\") {","            report.addError(\"KEYWORD_TYPE_EXPECTED\", [\"title\", \"string\"]);","        }","    },","    description: function (report, schema) {","        // http://json-schema.org/latest/json-schema-validation.html#rfc.section.6.1","        if (typeof schema.description !== \"string\") {","            report.addError(\"KEYWORD_TYPE_EXPECTED\", [\"description\", \"string\"]);","        }","    },","    \"default\": function (/* report, schema */) {","        // http://json-schema.org/latest/json-schema-validation.html#rfc.section.6.2","        // There are no restrictions placed on the value of this keyword.","    }","};","","var validateArrayOfSchemas = function (report, arr) {","    var idx = arr.length;","    while (idx--) {","        exports.validateSchema.call(this, report, arr[idx]);","    }","    return report.isValid();","};","","exports.validateSchema = function (report, schema) {","","    report.commonErrorMessage = \"SCHEMA_VALIDATION_FAILED\";","","    // if schema is an array, assume it's an array of schemas","    if (Array.isArray(schema)) {","        return validateArrayOfSchemas.call(this, report, schema);","    }","","    // do not revalidate schema that has already been validated once","    if (schema.__$validated) {","        return true;","    }","","    // if $schema is present, this schema should validate against that $schema","    var hasParentSchema = schema.$schema && schema.id !== schema.$schema;","    if (hasParentSchema) {","        if (schema.__$schemaResolved && schema.__$schemaResolved !== schema) {","            var subReport = new Report(report);","            var valid = JsonValidation.validate.call(this, subReport, schema.__$schemaResolved, schema);","            if (valid === false) {","                report.addError(\"PARENT_SCHEMA_VALIDATION_FAILED\", null, subReport);","            }","        } else {","            if (this.options.ignoreUnresolvableReferences !== true) {","                report.addError(\"REF_UNRESOLVED\", [schema.$schema]);","            }","        }","    }","","    if (this.options.noTypeless === true) {","        // issue #36 - inherit type to anyOf, oneOf, allOf if noTypeless is defined","        if (schema.type !== undefined) {","            var schemas = [];","            if (Array.isArray(schema.anyOf)) { schemas = schemas.concat(schema.anyOf); }","            if (Array.isArray(schema.oneOf)) { schemas = schemas.concat(schema.oneOf); }","            if (Array.isArray(schema.allOf)) { schemas = schemas.concat(schema.allOf); }","            schemas.forEach(function (sch) {","                if (!sch.type) { sch.type = schema.type; }","            });","        }","        // end issue #36","        if (schema.enum === undefined &&","            schema.type === undefined &&","            schema.anyOf === undefined &&","            schema.oneOf === undefined &&","            schema.not === undefined &&","            schema.$ref === undefined) {","            report.addError(\"KEYWORD_UNDEFINED_STRICT\", [\"type\"]);","        }","    }","","    var keys = Object.keys(schema),","        idx = keys.length;","    while (idx--) {","        var key = keys[idx];","        if (key.indexOf(\"__\") === 0) { continue; }","        if (SchemaValidators[key] !== undefined) {","            SchemaValidators[key].call(this, report, schema);","        } else if (!hasParentSchema) {","            if (this.options.noExtraKeywords === true) {","                report.addError(\"KEYWORD_UNEXPECTED\", [key]);","            }","        }","    }","","    if (this.options.pedanticCheck === true) {","        if (schema.enum) {","            // break recursion","            var tmpSchema = Utils.clone(schema);","            delete tmpSchema.enum;","            delete tmpSchema.default;","","            report.path.push(\"enum\");","            idx = schema.enum.length;","            while (idx--) {","                report.path.push(idx.toString());","                JsonValidation.validate.call(this, report, tmpSchema, schema.enum[idx]);","                report.path.pop();","            }","            report.path.pop();","        }","","        if (schema.default) {","            report.path.push(\"default\");","            JsonValidation.validate.call(this, report, schema, schema.default);","            report.path.pop();","        }","    }","","    var isValid = report.isValid();","    if (isValid) {","        schema.__$validated = true;","    }","    return isValid;","};",""],"l":{"3":1,"8":1,"12":0,"13":0,"18":0,"19":0,"24":0,"25":0,"26":0,"27":0,"32":0,"33":0,"38":0,"39":0,"40":0,"41":0,"46":0,"47":0,"52":0,"53":0,"54":0,"55":0,"60":0,"61":0,"62":0,"63":0,"68":0,"69":0,"70":0,"71":0,"76":0,"77":0,"79":0,"80":0,"82":0,"88":0,"89":0,"90":0,"91":0,"92":0,"93":0,"94":0,"99":0,"101":0,"102":0,"103":0,"104":0,"105":0,"106":0,"107":0,"108":0,"109":0,"110":0,"111":0,"112":0,"115":0,"119":0,"120":0,"123":0,"124":0,"129":0,"130":0,"131":0,"132":0,"137":0,"138":0,"139":0,"140":0,"145":0,"146":0,"151":0,"152":0,"153":0,"154":0,"159":0,"160":0,"161":0,"162":0,"167":0,"168":0,"169":0,"170":0,"172":0,"173":0,"174":0,"175":0,"178":0,"179":0,"185":0,"186":0,"187":0,"188":0,"189":0,"190":0,"191":0,"196":0,"197":0,"198":0,"201":0,"203":0,"204":0,"206":0,"207":0,"208":0,"209":0,"210":0,"214":0,"215":0,"218":0,"219":0,"222":0,"223":0,"228":0,"229":0,"230":0,"233":0,"235":0,"236":0,"238":0,"239":0,"241":0,"243":0,"244":0,"245":0,"246":0,"247":0,"251":0,"252":0,"257":0,"258":0,"260":0,"262":0,"263":0,"267":0,"268":0,"269":0,"270":0,"271":0,"272":0,"273":0,"274":0,"275":0,"276":0,"278":0,"279":0,"280":0,"283":0,"284":0,"287":0,"294":0,"295":0,"296":0,"297":0,"298":0,"299":0,"304":0,"308":0,"309":0,"310":0,"311":0,"312":0,"315":0,"316":0,"318":0,"319":0,"320":0,"323":0,"326":0,"327":0,"328":0,"332":0,"336":0,"337":0,"338":0,"339":0,"343":0,"344":0,"345":0,"346":0,"350":0,"351":0,"352":0,"353":0,"357":0,"358":0,"359":0,"360":0,"364":0,"365":0,"366":0,"367":0,"371":0,"372":0,"373":0,"377":0,"381":0,"382":0,"383":0,"387":0,"394":0,"395":0,"396":0,"397":0,"399":0,"400":0,"401":0,"402":0,"403":0,"404":0,"405":0,"411":0,"412":0,"413":0,"414":0,"416":0,"417":0,"418":0,"419":0,"420":0,"421":0,"422":0,"428":0,"429":0,"430":0,"431":0,"433":0,"434":0,"435":0,"436":0,"437":0,"438":0,"439":0,"445":0,"446":0,"448":0,"449":0,"450":0,"455":0,"456":0,"458":0,"460":0,"461":0,"463":0,"464":0,"465":0,"466":0,"467":0,"472":0,"473":0,"475":0,"476":0,"482":0,"483":0,"488":0,"489":0,"494":0,"495":0,"504":1,"505":0,"506":0,"507":0,"509":0,"512":1,"514":0,"517":0,"518":0,"522":0,"523":0,"527":0,"528":0,"529":0,"530":0,"531":0,"532":0,"533":0,"536":0,"537":0,"542":0,"544":0,"545":0,"546":0,"547":0,"548":0,"549":0,"550":0,"554":0,"560":0,"564":0,"566":0,"567":0,"568":0,"569":0,"570":0,"571":0,"572":0,"573":0,"578":0,"579":0,"581":0,"582":0,"583":0,"585":0,"586":0,"587":0,"588":0,"589":0,"590":0,"592":0,"595":0,"596":0,"597":0,"598":0,"602":0,"603":0,"604":0,"606":0}}}